2015.06.09 10:16 B G:\Marketing\Eloqua Assets\_HTML\Eloqua Sites (FTP)\nhnm\css\2.0\nhnm_page_nxtt_2.0.css --> Ftpfiles.penton.com /nhnm/css/2.0 nhnm_page_nxtt_2.0.css
2015.06.09 10:16 B G:\Marketing\Eloqua Assets\_HTML\Eloqua Sites (FTP)\nhnm\css\2.0\nhnm_page_nxtf_2.0.css --> Ftpfiles.penton.com /nhnm/css/2.0 nhnm_page_nxtf_2.0.css
2015.06.09 10:16 B G:\Marketing\Eloqua Assets\_HTML\Eloqua Sites (FTP)\nhnm\css\2.0\nhnm_page_nxta_2.0.css --> Ftpfiles.penton.com /nhnm/css/2.0 nhnm_page_nxta_2.0.css
2015.06.09 10:16 B G:\Marketing\Eloqua Assets\_HTML\Eloqua Sites (FTP)\nhnm\css\2.0\nhnm_page_npew_2.0.css --> Ftpfiles.penton.com /nhnm/css/2.0 nhnm_page_npew_2.0.css
2015.06.09 10:16 B G:\Marketing\Eloqua Assets\_HTML\Eloqua Sites (FTP)\nhnm\css\2.0\nhnm_page_npee_2.0.css --> Ftpfiles.penton.com /nhnm/css/2.0 nhnm_page_npee_2.0.css
2015.06.09 10:16 B G:\Marketing\Eloqua Assets\_HTML\Eloqua Sites (FTP)\nhnm\css\2.0\nhnm_page_nh360_2.0.css --> Ftpfiles.penton.com /nhnm/css/2.0 nhnm_page_nh360_2.0.css
2015.06.09 10:16 B G:\Marketing\Eloqua Assets\_HTML\Eloqua Sites (FTP)\nhnm\css\2.0\nhnm_page_nfm_2.0.css --> Ftpfiles.penton.com /nhnm/css/2.0 nhnm_page_nfm_2.0.css
2015.06.09 10:16 B G:\Marketing\Eloqua Assets\_HTML\Eloqua Sites (FTP)\nhnm\css\2.0\nhnm_page_nbjs_2.0.css --> Ftpfiles.penton.com /nhnm/css/2.0 nhnm_page_nbjs_2.0.css
2015.06.09 10:16 B G:\Marketing\Eloqua Assets\_HTML\Eloqua Sites (FTP)\nhnm\css\2.0\nhnm_page_nbj_2.0.css --> Ftpfiles.penton.com /nhnm/css/2.0 nhnm_page_nbj_2.0.css
2015.06.09 10:16 B G:\Marketing\Eloqua Assets\_HTML\Eloqua Sites (FTP)\nhnm\css\2.0\nhnm_page_eng_2.0.css --> Ftpfiles.penton.com /nhnm/css/2.0 nhnm_page_eng_2.0.css
2015.06.09 10:16 B G:\Marketing\Eloqua Assets\_HTML\Eloqua Sites (FTP)\nhnm\css\2.0\nhnm_page_eb_2.0.css --> Ftpfiles.penton.com /nhnm/css/2.0 nhnm_page_eb_2.0.css
2015.06.09 10:16 B G:\Marketing\Eloqua Assets\_HTML\Eloqua Sites (FTP)\nhnm\css\2.0\nhnm_page_dl_2.0.css --> Ftpfiles.penton.com /nhnm/css/2.0 nhnm_page_dl_2.0.css
2015.06.09 10:16 B G:\Marketing\Eloqua Assets\_HTML\Eloqua Sites (FTP)\nhnm\css\2.0\nhnm_page_cis_2.0.css --> Ftpfiles.penton.com /nhnm/css/2.0 nhnm_page_cis_2.0.css
2015.06.09 10:16 B G:\Marketing\Eloqua Assets\_HTML\Eloqua Sites (FTP)\nhnm\css\2.0\nhnm_page_ci_2.0.css --> Ftpfiles.penton.com /nhnm/css/2.0 nhnm_page_ci_2.0.css
2015.06.09 12:28 B G:\Marketing\Eloqua Assets\_HTML\Eloqua Sites (FTP)\nhnm\css\2.0\nhnm_page_nxtt_2.0.css --> Ftpfiles.penton.com /nhnm/css/2.0 nhnm_page_nxtt_2.0.css
2015.06.09 12:28 B G:\Marketing\Eloqua Assets\_HTML\Eloqua Sites (FTP)\nhnm\css\2.0\nhnm_page_nxtf_2.0.css --> Ftpfiles.penton.com /nhnm/css/2.0 nhnm_page_nxtf_2.0.css
2015.06.09 12:28 B G:\Marketing\Eloqua Assets\_HTML\Eloqua Sites (FTP)\nhnm\css\2.0\nhnm_page_nxta_2.0.css --> Ftpfiles.penton.com /nhnm/css/2.0 nhnm_page_nxta_2.0.css
2015.06.10 10:41 B G:\Marketing\Eloqua Assets\_HTML\Eloqua Sites (FTP)\nhnm\css\2.0\G:\Marketing\Eloqua Assets\_HTML\Eloqua Sites (FTP)\nhnm\js\jquery.querystring.pr_link.js --> Ftpfiles.penton.com /nhnm/js jquery.querystring.pr_link.js
2015.06.10 10:41 B G:\Marketing\Eloqua Assets\_HTML\Eloqua Sites (FTP)\nhnm\css\2.0\G:\Marketing\Eloqua Assets\_HTML\Eloqua Sites (FTP)\nhnm\js\jquery.querystring.pr_form.js --> Ftpfiles.penton.com /nhnm/js jquery.querystring.pr_form.js
2015.06.18 10:39 B G:\Marketing\Eloqua Assets\_HTML\Eloqua Sites (FTP)\nhnm\css\2.0\nhnm_page_nxtt_2.0.css --> Ftpfiles.penton.com /nhnm/css/2.0 nhnm_page_nxtt_2.0.css
2015.06.18 10:39 B G:\Marketing\Eloqua Assets\_HTML\Eloqua Sites (FTP)\nhnm\css\2.0\nhnm_page_nxtf_2.0.css --> Ftpfiles.penton.com /nhnm/css/2.0 nhnm_page_nxtf_2.0.css
2015.06.18 10:39 B G:\Marketing\Eloqua Assets\_HTML\Eloqua Sites (FTP)\nhnm\css\2.0\nhnm_page_nxta_2.0.css --> Ftpfiles.penton.com /nhnm/css/2.0 nhnm_page_nxta_2.0.css
2015.06.18 10:39 B G:\Marketing\Eloqua Assets\_HTML\Eloqua Sites (FTP)\nhnm\css\2.0\nhnm_page_next_2.0.css --> Ftpfiles.penton.com /nhnm/css/2.0 nhnm_page_next_2.0.css
2015.06.18 10:39 B G:\Marketing\Eloqua Assets\_HTML\Eloqua Sites (FTP)\nhnm\css\2.0\nhnm_form_next_2.0.css --> Ftpfiles.penton.com /nhnm/css/2.0 nhnm_form_next_2.0.css
2015.06.19 13:16 B G:\Marketing\Eloqua Assets\_HTML\Eloqua Sites (FTP)\nhnm\css\2.0\nhnm_form_nxtt_2.0.css --> Ftpfiles.penton.com /nhnm/css/2.0 nhnm_form_nxtt_2.0.css
2015.06.19 13:16 B G:\Marketing\Eloqua Assets\_HTML\Eloqua Sites (FTP)\nhnm\css\2.0\nhnm_form_nxtf_2.0.css --> Ftpfiles.penton.com /nhnm/css/2.0 nhnm_form_nxtf_2.0.css
2015.06.19 13:16 B G:\Marketing\Eloqua Assets\_HTML\Eloqua Sites (FTP)\nhnm\css\2.0\nhnm_form_nxta_2.0.css --> Ftpfiles.penton.com /nhnm/css/2.0 nhnm_form_nxta_2.0.css
2015.06.19 13:16 B G:\Marketing\Eloqua Assets\_HTML\Eloqua Sites (FTP)\nhnm\css\2.0\nhnm_form_npew_2.0.css --> Ftpfiles.penton.com /nhnm/css/2.0 nhnm_form_npew_2.0.css
2015.06.19 13:16 B G:\Marketing\Eloqua Assets\_HTML\Eloqua Sites (FTP)\nhnm\css\2.0\nhnm_form_npee_2.0.css --> Ftpfiles.penton.com /nhnm/css/2.0 nhnm_form_npee_2.0.css
2015.06.19 13:16 B G:\Marketing\Eloqua Assets\_HTML\Eloqua Sites (FTP)\nhnm\css\2.0\nhnm_form_nh360_2.0.css --> Ftpfiles.penton.com /nhnm/css/2.0 nhnm_form_nh360_2.0.css
2015.06.19 13:16 B G:\Marketing\Eloqua Assets\_HTML\Eloqua Sites (FTP)\nhnm\css\2.0\nhnm_form_nfm_2.0.css --> Ftpfiles.penton.com /nhnm/css/2.0 nhnm_form_nfm_2.0.css
2015.06.19 13:16 B G:\Marketing\Eloqua Assets\_HTML\Eloqua Sites (FTP)\nhnm\css\2.0\nhnm_form_next_2.0.css --> Ftpfiles.penton.com /nhnm/css/2.0 nhnm_form_next_2.0.css
2015.06.19 13:16 B G:\Marketing\Eloqua Assets\_HTML\Eloqua Sites (FTP)\nhnm\css\2.0\nhnm_form_nbjs_2.0.css --> Ftpfiles.penton.com /nhnm/css/2.0 nhnm_form_nbjs_2.0.css
2015.06.19 13:16 B G:\Marketing\Eloqua Assets\_HTML\Eloqua Sites (FTP)\nhnm\css\2.0\nhnm_form_nbj_2.0.css --> Ftpfiles.penton.com /nhnm/css/2.0 nhnm_form_nbj_2.0.css
2015.06.19 13:16 B G:\Marketing\Eloqua Assets\_HTML\Eloqua Sites (FTP)\nhnm\css\2.0\nhnm_form_eng_2.0.css --> Ftpfiles.penton.com /nhnm/css/2.0 nhnm_form_eng_2.0.css
2015.06.19 13:16 B G:\Marketing\Eloqua Assets\_HTML\Eloqua Sites (FTP)\nhnm\css\2.0\nhnm_form_eb_2.0.css --> Ftpfiles.penton.com /nhnm/css/2.0 nhnm_form_eb_2.0.css
2015.06.19 13:16 B G:\Marketing\Eloqua Assets\_HTML\Eloqua Sites (FTP)\nhnm\css\2.0\nhnm_form_dl_2.0.css --> Ftpfiles.penton.com /nhnm/css/2.0 nhnm_form_dl_2.0.css
2015.06.19 13:16 B G:\Marketing\Eloqua Assets\_HTML\Eloqua Sites (FTP)\nhnm\css\2.0\nhnm_form_cis_2.0.css --> Ftpfiles.penton.com /nhnm/css/2.0 nhnm_form_cis_2.0.css
2015.06.19 13:16 B G:\Marketing\Eloqua Assets\_HTML\Eloqua Sites (FTP)\nhnm\css\2.0\nhnm_form_ci_2.0.css --> Ftpfiles.penton.com /nhnm/css/2.0 nhnm_form_ci_2.0.css
2015.06.19 13:24 B G:\Marketing\Eloqua Assets\_HTML\Eloqua Sites (FTP)\nhnm\css\2.0\nhnm_form_nxtt_2.0.css --> Ftpfiles.penton.com /nhnm/css/2.0 nhnm_form_nxtt_2.0.css
2015.06.19 13:24 B G:\Marketing\Eloqua Assets\_HTML\Eloqua Sites (FTP)\nhnm\css\2.0\nhnm_form_nxtf_2.0.css --> Ftpfiles.penton.com /nhnm/css/2.0 nhnm_form_nxtf_2.0.css
2015.06.19 13:24 B G:\Marketing\Eloqua Assets\_HTML\Eloqua Sites (FTP)\nhnm\css\2.0\nhnm_form_nxta_2.0.css --> Ftpfiles.penton.com /nhnm/css/2.0 nhnm_form_nxta_2.0.css
2015.06.19 13:24 B G:\Marketing\Eloqua Assets\_HTML\Eloqua Sites (FTP)\nhnm\css\2.0\nhnm_form_npew_2.0.css --> Ftpfiles.penton.com /nhnm/css/2.0 nhnm_form_npew_2.0.css
2015.06.19 13:24 B G:\Marketing\Eloqua Assets\_HTML\Eloqua Sites (FTP)\nhnm\css\2.0\nhnm_form_npee_2.0.css --> Ftpfiles.penton.com /nhnm/css/2.0 nhnm_form_npee_2.0.css
2015.06.19 13:24 B G:\Marketing\Eloqua Assets\_HTML\Eloqua Sites (FTP)\nhnm\css\2.0\nhnm_form_nh360_2.0.css --> Ftpfiles.penton.com /nhnm/css/2.0 nhnm_form_nh360_2.0.css
2015.06.19 13:24 B G:\Marketing\Eloqua Assets\_HTML\Eloqua Sites (FTP)\nhnm\css\2.0\nhnm_form_nfm_2.0.css --> Ftpfiles.penton.com /nhnm/css/2.0 nhnm_form_nfm_2.0.css
2015.06.19 13:24 B G:\Marketing\Eloqua Assets\_HTML\Eloqua Sites (FTP)\nhnm\css\2.0\nhnm_form_next_2.0.css --> Ftpfiles.penton.com /nhnm/css/2.0 nhnm_form_next_2.0.css
2015.06.19 13:24 B G:\Marketing\Eloqua Assets\_HTML\Eloqua Sites (FTP)\nhnm\css\2.0\nhnm_form_nbjs_2.0.css --> Ftpfiles.penton.com /nhnm/css/2.0 nhnm_form_nbjs_2.0.css
2015.06.19 13:24 B G:\Marketing\Eloqua Assets\_HTML\Eloqua Sites (FTP)\nhnm\css\2.0\nhnm_form_nbj_2.0.css --> Ftpfiles.penton.com /nhnm/css/2.0 nhnm_form_nbj_2.0.css
2015.06.19 13:24 B G:\Marketing\Eloqua Assets\_HTML\Eloqua Sites (FTP)\nhnm\css\2.0\nhnm_form_eng_2.0.css --> Ftpfiles.penton.com /nhnm/css/2.0 nhnm_form_eng_2.0.css
2015.06.19 13:24 B G:\Marketing\Eloqua Assets\_HTML\Eloqua Sites (FTP)\nhnm\css\2.0\nhnm_form_eb_2.0.css --> Ftpfiles.penton.com /nhnm/css/2.0 nhnm_form_eb_2.0.css
2015.06.19 13:24 B G:\Marketing\Eloqua Assets\_HTML\Eloqua Sites (FTP)\nhnm\css\2.0\nhnm_form_dl_2.0.css --> Ftpfiles.penton.com /nhnm/css/2.0 nhnm_form_dl_2.0.css
2015.06.19 13:24 B G:\Marketing\Eloqua Assets\_HTML\Eloqua Sites (FTP)\nhnm\css\2.0\nhnm_form_cis_2.0.css --> Ftpfiles.penton.com /nhnm/css/2.0 nhnm_form_cis_2.0.css
2015.06.19 13:24 B G:\Marketing\Eloqua Assets\_HTML\Eloqua Sites (FTP)\nhnm\css\2.0\nhnm_form_ci_2.0.css --> Ftpfiles.penton.com /nhnm/css/2.0 nhnm_form_ci_2.0.css
2015.06.23 13:36 B G:\Marketing\Eloqua Assets\_HTML\Eloqua Sites (FTP)\nhnm\css\2.0\C:\Users\ashley.tate\Desktop\nhnm_page_cis_2.0.css --> Ftpfiles.penton.com /nhnm/css/2.0 nhnm_page_cis_2.0.css
2015.06.23 13:36 B G:\Marketing\Eloqua Assets\_HTML\Eloqua Sites (FTP)\nhnm\css\2.0\C:\Users\ashley.tate\Desktop\nhnm_page_ci_2.0.css --> Ftpfiles.penton.com /nhnm/css/2.0 nhnm_page_ci_2.0.css
2015.06.23 16:16 B G:\Marketing\Eloqua Assets\_HTML\Eloqua Sites (FTP)\nhnm\css\2.0\C:\Users\ashley.tate\Desktop\nhnm_page_nbj_2.0.css --> Ftpfiles.penton.com /nhnm/css/2.0 nhnm_page_nbj_2.0.css
2015.06.23 16:25 B G:\Marketing\Eloqua Assets\_HTML\Eloqua Sites (FTP)\nhnm\css\2.0\C:\Users\ashley.tate\Desktop\nhnm_page_nbj_2.0.css --> Ftpfiles.penton.com /nhnm/css/2.0 nhnm_page_nbj_2.0.css
2015.06.24 21:35 B C:\Ashley\Projects\Client\Penton\nhnm-2015-Q2\Eloqua FTP\nhnm\css\2.0\nhnm_form_nxtt_2.0.css --> Ftpfiles.penton.com /nhnm/css/2.0 nhnm_form_nxtt_2.0.css
2015.06.24 21:35 B C:\Ashley\Projects\Client\Penton\nhnm-2015-Q2\Eloqua FTP\nhnm\css\2.0\nhnm_form_nxtf_2.0.css --> Ftpfiles.penton.com /nhnm/css/2.0 nhnm_form_nxtf_2.0.css
2015.06.24 21:35 B C:\Ashley\Projects\Client\Penton\nhnm-2015-Q2\Eloqua FTP\nhnm\css\2.0\nhnm_form_nxta_2.0.css --> Ftpfiles.penton.com /nhnm/css/2.0 nhnm_form_nxta_2.0.css
2015.06.24 21:35 B C:\Ashley\Projects\Client\Penton\nhnm-2015-Q2\Eloqua FTP\nhnm\css\2.0\nhnm_form_npew_2.0.css --> Ftpfiles.penton.com /nhnm/css/2.0 nhnm_form_npew_2.0.css
2015.06.24 21:35 B C:\Ashley\Projects\Client\Penton\nhnm-2015-Q2\Eloqua FTP\nhnm\css\2.0\nhnm_form_npee_2.0.css --> Ftpfiles.penton.com /nhnm/css/2.0 nhnm_form_npee_2.0.css
2015.06.24 21:35 B C:\Ashley\Projects\Client\Penton\nhnm-2015-Q2\Eloqua FTP\nhnm\css\2.0\nhnm_form_nh360_2.0.css --> Ftpfiles.penton.com /nhnm/css/2.0 nhnm_form_nh360_2.0.css
2015.06.24 21:35 B C:\Ashley\Projects\Client\Penton\nhnm-2015-Q2\Eloqua FTP\nhnm\css\2.0\nhnm_form_nfm_2.0.css --> Ftpfiles.penton.com /nhnm/css/2.0 nhnm_form_nfm_2.0.css
2015.06.24 21:35 B C:\Ashley\Projects\Client\Penton\nhnm-2015-Q2\Eloqua FTP\nhnm\css\2.0\nhnm_form_next_2.0.css --> Ftpfiles.penton.com /nhnm/css/2.0 nhnm_form_next_2.0.css
2015.06.24 21:35 B C:\Ashley\Projects\Client\Penton\nhnm-2015-Q2\Eloqua FTP\nhnm\css\2.0\nhnm_form_nbjs_2.0.css --> Ftpfiles.penton.com /nhnm/css/2.0 nhnm_form_nbjs_2.0.css
2015.06.24 21:35 B C:\Ashley\Projects\Client\Penton\nhnm-2015-Q2\Eloqua FTP\nhnm\css\2.0\nhnm_form_nbj_2.0.css --> Ftpfiles.penton.com /nhnm/css/2.0 nhnm_form_nbj_2.0.css
2015.06.24 21:35 B C:\Ashley\Projects\Client\Penton\nhnm-2015-Q2\Eloqua FTP\nhnm\css\2.0\nhnm_form_eng_2.0.css --> Ftpfiles.penton.com /nhnm/css/2.0 nhnm_form_eng_2.0.css
2015.06.24 21:35 B C:\Ashley\Projects\Client\Penton\nhnm-2015-Q2\Eloqua FTP\nhnm\css\2.0\nhnm_form_eb_2.0.css --> Ftpfiles.penton.com /nhnm/css/2.0 nhnm_form_eb_2.0.css
2015.06.24 21:35 B C:\Ashley\Projects\Client\Penton\nhnm-2015-Q2\Eloqua FTP\nhnm\css\2.0\nhnm_form_dl_2.0.css --> Ftpfiles.penton.com /nhnm/css/2.0 nhnm_form_dl_2.0.css
2015.06.24 21:35 B C:\Ashley\Projects\Client\Penton\nhnm-2015-Q2\Eloqua FTP\nhnm\css\2.0\nhnm_form_cis_2.0.css --> Ftpfiles.penton.com /nhnm/css/2.0 nhnm_form_cis_2.0.css
2015.06.24 21:35 B C:\Ashley\Projects\Client\Penton\nhnm-2015-Q2\Eloqua FTP\nhnm\css\2.0\nhnm_form_ci_2.0.css --> Ftpfiles.penton.com /nhnm/css/2.0 nhnm_form_ci_2.0.css
