2015.01.13 08:15 B G:\Marketing\Eloqua Assets\_HTML\Eloqua Sites (FTP)\css\core.system-layout-nhnm.1.0.css --> Ftpfiles.penton.com /plugins/css core.system-layout-nhnm.1.0.css
2015.01.13 08:15 B G:\Marketing\Eloqua Assets\_HTML\Eloqua Sites (FTP)\css\theme.system-layout-nhnm.nh360.1.0.css --> Ftpfiles.penton.com /plugins/css theme.system-layout-nhnm.nh360.1.0.css
2015.01.13 08:16 B G:\Marketing\Eloqua Assets\_HTML\Eloqua Sites (FTP)\css\core.forms-nhnm.1.0.css --> Ftpfiles.penton.com /plugins/css core.forms-nhnm.1.0.css
2015.01.13 08:20 B G:\Marketing\Eloqua Assets\_HTML\Eloqua Sites (FTP)\css\theme.system-layout-nhnm.nh360.1.0.css --> Ftpfiles.penton.com /plugins/css theme.system-layout-nhnm.nh360.1.0.css
2015.01.13 08:21 B G:\Marketing\Eloqua Assets\_HTML\Eloqua Sites (FTP)\css\theme.system-layout-nhnm.nh360.1.0.css --> Ftpfiles.penton.com /plugins/css theme.system-layout-nhnm.nh360.1.0.css
2015.01.13 08:24 B G:\Marketing\Eloqua Assets\_HTML\Eloqua Sites (FTP)\css\theme.system-layout-nhnm.nh360.1.0.css --> Ftpfiles.penton.com /plugins/css theme.system-layout-nhnm.nh360.1.0.css
2015.01.13 08:25 B G:\Marketing\Eloqua Assets\_HTML\Eloqua Sites (FTP)\css\core.forms-nhnm.1.0.css --> Ftpfiles.penton.com /plugins/css core.forms-nhnm.1.0.css
2015.01.13 08:36 B G:\Marketing\Eloqua Assets\_HTML\Eloqua Sites (FTP)\css\core.system-layout-nhnm.1.0.css --> Ftpfiles.penton.com /plugins/css core.system-layout-nhnm.1.0.css
2015.01.13 08:36 B G:\Marketing\Eloqua Assets\_HTML\Eloqua Sites (FTP)\css\theme.system-layout-nhnm.nh360.1.0.css --> Ftpfiles.penton.com /plugins/css theme.system-layout-nhnm.nh360.1.0.css
2015.01.13 08:38 B G:\Marketing\Eloqua Assets\_HTML\Eloqua Sites (FTP)\css\theme.system-layout-nhnm.nh360.1.0.css --> Ftpfiles.penton.com /plugins/css theme.system-layout-nhnm.nh360.1.0.css
2015.01.13 08:42 B G:\Marketing\Eloqua Assets\_HTML\Eloqua Sites (FTP)\css\core.system-layout-nhnm.1.0.css --> Ftpfiles.penton.com /plugins/css core.system-layout-nhnm.1.0.css
2015.01.13 08:42 B G:\Marketing\Eloqua Assets\_HTML\Eloqua Sites (FTP)\css\theme.system-layout-nhnm.nh360.1.0.css --> Ftpfiles.penton.com /plugins/css theme.system-layout-nhnm.nh360.1.0.css
2015.01.13 08:45 B G:\Marketing\Eloqua Assets\_HTML\Eloqua Sites (FTP)\css\core.forms-nhnm.1.0.css --> Ftpfiles.penton.com /plugins/css core.forms-nhnm.1.0.css
2015.01.13 08:52 B G:\Marketing\Eloqua Assets\_HTML\Eloqua Sites (FTP)\css\core.system-layout-nhnm.1.0.css --> Ftpfiles.penton.com /plugins/css core.system-layout-nhnm.1.0.css
2015.01.13 08:56 B G:\Marketing\Eloqua Assets\_HTML\Eloqua Sites (FTP)\css\core.system-layout-nhnm.1.0.css --> Ftpfiles.penton.com /plugins/css core.system-layout-nhnm.1.0.css
2015.01.13 09:08 B G:\Marketing\Eloqua Assets\_HTML\Eloqua Sites (FTP)\css\core.system-layout-nhnm.1.0.css --> Ftpfiles.penton.com /plugins/css core.system-layout-nhnm.1.0.css
2015.01.13 09:10 B G:\Marketing\Eloqua Assets\_HTML\Eloqua Sites (FTP)\css\core.system-layout-nhnm.1.0.css --> Ftpfiles.penton.com /plugins/css core.system-layout-nhnm.1.0.css
2015.01.13 09:11 B G:\Marketing\Eloqua Assets\_HTML\Eloqua Sites (FTP)\css\core.system-layout-nhnm.1.0.css --> Ftpfiles.penton.com /plugins/css core.system-layout-nhnm.1.0.css
2015.01.13 09:15 B G:\Marketing\Eloqua Assets\_HTML\Eloqua Sites (FTP)\css\core.system-layout-nhnm.1.0.css --> Ftpfiles.penton.com /plugins/css core.system-layout-nhnm.1.0.css
2015.01.13 09:15 B G:\Marketing\Eloqua Assets\_HTML\Eloqua Sites (FTP)\css\theme.system-layout-nhnm.nh360.1.0.css --> Ftpfiles.penton.com /plugins/css theme.system-layout-nhnm.nh360.1.0.css
2015.01.13 09:19 B G:\Marketing\Eloqua Assets\_HTML\Eloqua Sites (FTP)\css\core.system-layout-nhnm.1.0.css --> Ftpfiles.penton.com /plugins/css core.system-layout-nhnm.1.0.css
2015.01.13 09:24 B G:\Marketing\Eloqua Assets\_HTML\Eloqua Sites (FTP)\css\core.system-layout-nhnm.1.0.css --> Ftpfiles.penton.com /plugins/css core.system-layout-nhnm.1.0.css
2015.01.13 09:24 B G:\Marketing\Eloqua Assets\_HTML\Eloqua Sites (FTP)\css\core.system-layout-nhnm.1.0.css --> Ftpfiles.penton.com /plugins/css core.system-layout-nhnm.1.0.css
2015.01.13 09:26 B G:\Marketing\Eloqua Assets\_HTML\Eloqua Sites (FTP)\css\core.system-layout-nhnm.1.0.css --> Ftpfiles.penton.com /plugins/css core.system-layout-nhnm.1.0.css
2015.01.13 09:26 B G:\Marketing\Eloqua Assets\_HTML\Eloqua Sites (FTP)\css\theme.system-layout-nhnm.nh360.1.0.css --> Ftpfiles.penton.com /plugins/css theme.system-layout-nhnm.nh360.1.0.css
2015.01.13 09:28 B G:\Marketing\Eloqua Assets\_HTML\Eloqua Sites (FTP)\css\core.system-layout-nhnm.1.0.css --> Ftpfiles.penton.com /plugins/css core.system-layout-nhnm.1.0.css
2015.01.13 09:29 B G:\Marketing\Eloqua Assets\_HTML\Eloqua Sites (FTP)\css\core.system-layout-nhnm.1.0.css --> Ftpfiles.penton.com /plugins/css core.system-layout-nhnm.1.0.css
2015.01.13 09:37 B G:\Marketing\Eloqua Assets\_HTML\Eloqua Sites (FTP)\css\core.forms-nhnm.1.0.css --> Ftpfiles.penton.com /plugins/css core.forms-nhnm.1.0.css
2015.01.13 09:37 B G:\Marketing\Eloqua Assets\_HTML\Eloqua Sites (FTP)\css\core.system-layout-nhnm.1.0.css --> Ftpfiles.penton.com /plugins/css core.system-layout-nhnm.1.0.css
2015.01.13 09:37 B G:\Marketing\Eloqua Assets\_HTML\Eloqua Sites (FTP)\css\theme.system-layout-nhnm.nh360.1.0.css --> Ftpfiles.penton.com /plugins/css theme.system-layout-nhnm.nh360.1.0.css
2015.01.13 09:41 B G:\Marketing\Eloqua Assets\_HTML\Eloqua Sites (FTP)\css\core.forms-nhnm.1.0.css --> Ftpfiles.penton.com /plugins/css core.forms-nhnm.1.0.css
2015.01.13 09:41 B G:\Marketing\Eloqua Assets\_HTML\Eloqua Sites (FTP)\css\core.system-layout-nhnm.1.0.css --> Ftpfiles.penton.com /plugins/css core.system-layout-nhnm.1.0.css
2015.01.13 09:41 B G:\Marketing\Eloqua Assets\_HTML\Eloqua Sites (FTP)\css\theme.system-layout-nhnm.nh360.1.0.css --> Ftpfiles.penton.com /plugins/css theme.system-layout-nhnm.nh360.1.0.css
2015.01.13 09:44 B G:\Marketing\Eloqua Assets\_HTML\Eloqua Sites (FTP)\css\core.forms-nhnm.1.0.css --> Ftpfiles.penton.com /plugins/css core.forms-nhnm.1.0.css
2015.01.13 09:44 B G:\Marketing\Eloqua Assets\_HTML\Eloqua Sites (FTP)\css\core.system-layout-nhnm.1.0.css --> Ftpfiles.penton.com /plugins/css core.system-layout-nhnm.1.0.css
2015.01.13 09:44 B G:\Marketing\Eloqua Assets\_HTML\Eloqua Sites (FTP)\css\theme.system-layout-nhnm.nh360.1.0.css --> Ftpfiles.penton.com /plugins/css theme.system-layout-nhnm.nh360.1.0.css
2015.01.13 09:45 B G:\Marketing\Eloqua Assets\_HTML\Eloqua Sites (FTP)\css\core.forms-nhnm.1.0.css --> Ftpfiles.penton.com /plugins/css core.forms-nhnm.1.0.css
2015.01.13 09:45 B G:\Marketing\Eloqua Assets\_HTML\Eloqua Sites (FTP)\css\core.system-layout-nhnm.1.0.css --> Ftpfiles.penton.com /plugins/css core.system-layout-nhnm.1.0.css
2015.01.13 09:45 B G:\Marketing\Eloqua Assets\_HTML\Eloqua Sites (FTP)\css\theme.system-layout-nhnm.nh360.1.0.css --> Ftpfiles.penton.com /plugins/css theme.system-layout-nhnm.nh360.1.0.css
2015.01.13 09:46 B G:\Marketing\Eloqua Assets\_HTML\Eloqua Sites (FTP)\css\core.forms-nhnm.1.0.css --> Ftpfiles.penton.com /plugins/css core.forms-nhnm.1.0.css
2015.01.13 09:46 B G:\Marketing\Eloqua Assets\_HTML\Eloqua Sites (FTP)\css\core.system-layout-nhnm.1.0.css --> Ftpfiles.penton.com /plugins/css core.system-layout-nhnm.1.0.css
2015.01.13 09:46 B G:\Marketing\Eloqua Assets\_HTML\Eloqua Sites (FTP)\css\theme.system-layout-nhnm.nh360.1.0.css --> Ftpfiles.penton.com /plugins/css theme.system-layout-nhnm.nh360.1.0.css
2015.01.13 09:49 B G:\Marketing\Eloqua Assets\_HTML\Eloqua Sites (FTP)\css\core.system-layout-nhnm.1.0.css --> Ftpfiles.penton.com /plugins/css core.system-layout-nhnm.1.0.css
2015.01.13 09:50 B G:\Marketing\Eloqua Assets\_HTML\Eloqua Sites (FTP)\css\core.system-layout-nhnm.1.0.css --> Ftpfiles.penton.com /plugins/css core.system-layout-nhnm.1.0.css
2015.01.13 09:56 B G:\Marketing\Eloqua Assets\_HTML\Eloqua Sites (FTP)\css\core.system-layout-nhnm.1.0.css --> Ftpfiles.penton.com /plugins/css core.system-layout-nhnm.1.0.css
2015.01.13 10:01 B G:\Marketing\Eloqua Assets\_HTML\Eloqua Sites (FTP)\css\core.system-layout-nhnm.1.0.css --> Ftpfiles.penton.com /plugins/css core.system-layout-nhnm.1.0.css
2015.01.13 10:03 B G:\Marketing\Eloqua Assets\_HTML\Eloqua Sites (FTP)\css\core.system-layout-nhnm.1.0.css --> Ftpfiles.penton.com /plugins/css core.system-layout-nhnm.1.0.css
2015.01.13 10:05 B G:\Marketing\Eloqua Assets\_HTML\Eloqua Sites (FTP)\css\core.system-layout-nhnm.1.0.css --> Ftpfiles.penton.com /plugins/css core.system-layout-nhnm.1.0.css
2015.01.13 10:08 B G:\Marketing\Eloqua Assets\_HTML\Eloqua Sites (FTP)\css\core.system-layout-nhnm.1.0.css --> Ftpfiles.penton.com /plugins/css core.system-layout-nhnm.1.0.css
2015.01.13 10:13 B G:\Marketing\Eloqua Assets\_HTML\Eloqua Sites (FTP)\css\core.system-layout-nhnm.1.0.css --> Ftpfiles.penton.com /plugins/css core.system-layout-nhnm.1.0.css
2015.01.13 10:16 B G:\Marketing\Eloqua Assets\_HTML\Eloqua Sites (FTP)\css\core.system-layout-nhnm.1.0.css --> Ftpfiles.penton.com /plugins/css core.system-layout-nhnm.1.0.css
2015.01.13 10:19 B G:\Marketing\Eloqua Assets\_HTML\Eloqua Sites (FTP)\css\core.system-layout-nhnm.1.0.css --> Ftpfiles.penton.com /plugins/css core.system-layout-nhnm.1.0.css
2015.01.13 10:26 B G:\Marketing\Eloqua Assets\_HTML\Eloqua Sites (FTP)\css\core.system-layout-nhnm.1.0.css --> Ftpfiles.penton.com /plugins/css core.system-layout-nhnm.1.0.css
2015.01.13 10:27 B G:\Marketing\Eloqua Assets\_HTML\Eloqua Sites (FTP)\css\core.system-layout-nhnm.1.0.css --> Ftpfiles.penton.com /plugins/css core.system-layout-nhnm.1.0.css
2015.01.13 10:33 B G:\Marketing\Eloqua Assets\_HTML\Eloqua Sites (FTP)\css\core.system-layout-nhnm.1.0.css --> Ftpfiles.penton.com /plugins/css core.system-layout-nhnm.1.0.css
2015.01.13 10:35 B G:\Marketing\Eloqua Assets\_HTML\Eloqua Sites (FTP)\css\core.system-layout-nhnm.1.0.css --> Ftpfiles.penton.com /plugins/css core.system-layout-nhnm.1.0.css
2015.01.13 10:46 B G:\Marketing\Eloqua Assets\_HTML\Eloqua Sites (FTP)\css\core.system-layout-nhnm.1.0.css --> Ftpfiles.penton.com /plugins/css core.system-layout-nhnm.1.0.css
2015.01.13 10:49 B G:\Marketing\Eloqua Assets\_HTML\Eloqua Sites (FTP)\css\core.system-layout-nhnm.1.0.css --> Ftpfiles.penton.com /plugins/css core.system-layout-nhnm.1.0.css
2015.01.13 10:52 B G:\Marketing\Eloqua Assets\_HTML\Eloqua Sites (FTP)\css\core.system-layout-nhnm.1.0.css --> Ftpfiles.penton.com /plugins/css core.system-layout-nhnm.1.0.css
2015.01.13 10:56 B G:\Marketing\Eloqua Assets\_HTML\Eloqua Sites (FTP)\css\core.system-layout-nhnm.1.0.css --> Ftpfiles.penton.com /plugins/css core.system-layout-nhnm.1.0.css
2015.01.13 10:59 B G:\Marketing\Eloqua Assets\_HTML\Eloqua Sites (FTP)\css\core.system-layout-nhnm.1.0.css --> Ftpfiles.penton.com /plugins/css core.system-layout-nhnm.1.0.css
2015.01.13 13:11 B G:\Marketing\Eloqua Assets\_HTML\Eloqua Sites (FTP)\css\core.system-layout-nhnm.1.0.css --> Ftpfiles.penton.com /plugins/css core.system-layout-nhnm.1.0.css
2015.01.13 13:29 B G:\Marketing\Eloqua Assets\_HTML\Eloqua Sites (FTP)\css\core.system-layout-nhnm.1.0.css --> Ftpfiles.penton.com /plugins/css core.system-layout-nhnm.1.0.css
2015.01.13 13:29 B G:\Marketing\Eloqua Assets\_HTML\Eloqua Sites (FTP)\css\theme.system-layout-nhnm.nh360.1.0.css --> Ftpfiles.penton.com /plugins/css theme.system-layout-nhnm.nh360.1.0.css
2015.01.13 13:30 B G:\Marketing\Eloqua Assets\_HTML\Eloqua Sites (FTP)\css\core.system-layout-nhnm.1.0.css --> Ftpfiles.penton.com /plugins/css core.system-layout-nhnm.1.0.css
2015.01.13 13:39 B G:\Marketing\Eloqua Assets\_HTML\Eloqua Sites (FTP)\css\theme.system-layout-nhnm.nh360.1.0.css --> Ftpfiles.penton.com /plugins/css theme.system-layout-nhnm.nh360.1.0.css
2015.01.13 13:46 B G:\Marketing\Eloqua Assets\_HTML\Eloqua Sites (FTP)\css\theme.system-layout-nhnm.nh360.1.0.css --> Ftpfiles.penton.com /plugins/css theme.system-layout-nhnm.nh360.1.0.css
2015.01.13 14:26 B G:\Marketing\Eloqua Assets\_HTML\Eloqua Sites (FTP)\css\theme.system-layout-nhnm.nh360.1.0.css --> Ftpfiles.penton.com /plugins/css theme.system-layout-nhnm.nh360.1.0.css
2015.01.13 14:28 B G:\Marketing\Eloqua Assets\_HTML\Eloqua Sites (FTP)\css\theme.system-layout-nhnm.nh360.1.0.css --> Ftpfiles.penton.com /plugins/css theme.system-layout-nhnm.nh360.1.0.css
2015.01.13 14:32 B G:\Marketing\Eloqua Assets\_HTML\Eloqua Sites (FTP)\css\theme.system-layout-nhnm.nh360.1.0.css --> Ftpfiles.penton.com /plugins/css theme.system-layout-nhnm.nh360.1.0.css
2015.01.13 14:34 B G:\Marketing\Eloqua Assets\_HTML\Eloqua Sites (FTP)\css\theme.system-layout-nhnm.nh360.1.0.css --> Ftpfiles.penton.com /plugins/css theme.system-layout-nhnm.nh360.1.0.css
2015.01.13 14:38 B G:\Marketing\Eloqua Assets\_HTML\Eloqua Sites (FTP)\css\core.system-layout-nhnm.1.0.css --> Ftpfiles.penton.com /plugins/css core.system-layout-nhnm.1.0.css
2015.01.13 14:38 B G:\Marketing\Eloqua Assets\_HTML\Eloqua Sites (FTP)\css\theme.system-layout-nhnm.nh360.1.0.css --> Ftpfiles.penton.com /plugins/css theme.system-layout-nhnm.nh360.1.0.css
2015.01.13 14:43 B G:\Marketing\Eloqua Assets\_HTML\Eloqua Sites (FTP)\css\core.system-layout-nhnm.1.0.css --> Ftpfiles.penton.com /plugins/css core.system-layout-nhnm.1.0.css
2015.01.13 14:46 B G:\Marketing\Eloqua Assets\_HTML\Eloqua Sites (FTP)\css\core.system-layout-nhnm.1.0.css --> Ftpfiles.penton.com /plugins/css core.system-layout-nhnm.1.0.css
2015.01.13 14:46 B G:\Marketing\Eloqua Assets\_HTML\Eloqua Sites (FTP)\css\theme.system-layout-nhnm.nh360.1.0.css --> Ftpfiles.penton.com /plugins/css theme.system-layout-nhnm.nh360.1.0.css
2015.01.13 14:47 B G:\Marketing\Eloqua Assets\_HTML\Eloqua Sites (FTP)\css\core.system-layout-nhnm.1.0.css --> Ftpfiles.penton.com /plugins/css core.system-layout-nhnm.1.0.css
2015.01.13 14:47 B G:\Marketing\Eloqua Assets\_HTML\Eloqua Sites (FTP)\css\theme.system-layout-nhnm.nh360.1.0.css --> Ftpfiles.penton.com /plugins/css theme.system-layout-nhnm.nh360.1.0.css
2015.01.13 14:58 B G:\Marketing\Eloqua Assets\_HTML\Eloqua Sites (FTP)\css\core.system-layout-nhnm.1.0.css --> Ftpfiles.penton.com /plugins/css core.system-layout-nhnm.1.0.css
2015.01.13 14:58 B G:\Marketing\Eloqua Assets\_HTML\Eloqua Sites (FTP)\css\theme.system-layout-nhnm.nh360.1.0.css --> Ftpfiles.penton.com /plugins/css theme.system-layout-nhnm.nh360.1.0.css
2015.01.14 11:26 B G:\Marketing\Eloqua Assets\_HTML\Eloqua Sites (FTP)\css\theme.system-layout-nhnm.nh360.1.0.css --> Ftpfiles.penton.com /plugins/css theme.system-layout-nhnm.nh360.1.0.css
2015.01.14 11:37 B G:\Marketing\Eloqua Assets\_HTML\Eloqua Sites (FTP)\css\core.forms-nhnm.1.0.css --> Ftpfiles.penton.com /plugins/css core.forms-nhnm.1.0.css
2015.01.14 11:37 B G:\Marketing\Eloqua Assets\_HTML\Eloqua Sites (FTP)\css\core.system-layout-nhnm.1.0.css --> Ftpfiles.penton.com /plugins/css core.system-layout-nhnm.1.0.css
2015.01.14 11:37 B G:\Marketing\Eloqua Assets\_HTML\Eloqua Sites (FTP)\css\theme.system-layout-nhnm.nh360.1.0.css --> Ftpfiles.penton.com /plugins/css theme.system-layout-nhnm.nh360.1.0.css
2015.01.14 11:50 B G:\Marketing\Eloqua Assets\_HTML\Eloqua Sites (FTP)\css\core.forms-nhnm.1.0.css --> Ftpfiles.penton.com /plugins/css core.forms-nhnm.1.0.css
2015.01.14 11:50 B G:\Marketing\Eloqua Assets\_HTML\Eloqua Sites (FTP)\css\core.system-layout-nhnm.1.0.css --> Ftpfiles.penton.com /plugins/css core.system-layout-nhnm.1.0.css
2015.01.14 11:50 B G:\Marketing\Eloqua Assets\_HTML\Eloqua Sites (FTP)\css\theme.system-layout-nhnm.eng.1.0.css --> Ftpfiles.penton.com /plugins/css theme.system-layout-nhnm.eng.1.0.css
2015.01.14 11:50 B G:\Marketing\Eloqua Assets\_HTML\Eloqua Sites (FTP)\css\theme.system-layout-nhnm.nbj.1.0.css --> Ftpfiles.penton.com /plugins/css theme.system-layout-nhnm.nbj.1.0.css
2015.01.14 11:50 B G:\Marketing\Eloqua Assets\_HTML\Eloqua Sites (FTP)\css\theme.system-layout-nhnm.nfm.1.0.css --> Ftpfiles.penton.com /plugins/css theme.system-layout-nhnm.nfm.1.0.css
2015.01.14 11:50 B G:\Marketing\Eloqua Assets\_HTML\Eloqua Sites (FTP)\css\theme.system-layout-nhnm.nh360.1.0.css --> Ftpfiles.penton.com /plugins/css theme.system-layout-nhnm.nh360.1.0.css
2015.01.14 11:58 B G:\Marketing\Eloqua Assets\_HTML\Eloqua Sites (FTP)\css\theme.system-layout-nhnm.eng.1.0.css --> Ftpfiles.penton.com /plugins/css theme.system-layout-nhnm.eng.1.0.css
2015.01.14 11:58 B G:\Marketing\Eloqua Assets\_HTML\Eloqua Sites (FTP)\css\theme.system-layout-nhnm.nbj.1.0.css --> Ftpfiles.penton.com /plugins/css theme.system-layout-nhnm.nbj.1.0.css
2015.01.15 09:09 B G:\Marketing\Eloqua Assets\_HTML\Eloqua Sites (FTP)\css\theme.system-layout-nhnm.ew.1.0.css --> Ftpfiles.penton.com /nhnm/css theme.system-layout-nhnm.ew.1.0.css
2015.01.15 12:53 B G:\Marketing\Eloqua Assets\_HTML\Eloqua Sites (FTP)\nhnm\css\theme.system-layout-nhnm.nxta.1.0.css --> Ftpfiles.penton.com /nhnm/css theme.system-layout-nhnm.nxta.1.0.css
2015.01.15 14:24 B G:\Marketing\Eloqua Assets\_HTML\Eloqua Sites (FTP)\nhnm\css\theme.system-layout-nhnm.nxta.1.0.css --> Ftpfiles.penton.com /nhnm/css theme.system-layout-nhnm.nxta.1.0.css
2015.01.15 14:31 B G:\Marketing\Eloqua Assets\_HTML\Eloqua Sites (FTP)\nhnm\css\theme.system-layout-nhnm.nxta.1.0.css --> Ftpfiles.penton.com /nhnm/css theme.system-layout-nhnm.nxta.1.0.css
2015.01.15 15:01 B G:\Marketing\Eloqua Assets\_HTML\Eloqua Sites (FTP)\nhnm\css\core.forms-nhnm.1.0.css --> Ftpfiles.penton.com /nhnm/css core.forms-nhnm.1.0.css
2015.01.15 15:01 B G:\Marketing\Eloqua Assets\_HTML\Eloqua Sites (FTP)\nhnm\css\core.system-layout-nhnm.1.0.css --> Ftpfiles.penton.com /nhnm/css core.system-layout-nhnm.1.0.css
2015.01.15 15:01 B G:\Marketing\Eloqua Assets\_HTML\Eloqua Sites (FTP)\nhnm\css\theme.system-layout-nhnm.eng.1.0.css --> Ftpfiles.penton.com /nhnm/css theme.system-layout-nhnm.eng.1.0.css
2015.01.15 15:01 B G:\Marketing\Eloqua Assets\_HTML\Eloqua Sites (FTP)\nhnm\css\theme.system-layout-nhnm.ew.1.0.css --> Ftpfiles.penton.com /nhnm/css theme.system-layout-nhnm.ew.1.0.css
2015.01.15 15:01 B G:\Marketing\Eloqua Assets\_HTML\Eloqua Sites (FTP)\nhnm\css\theme.system-layout-nhnm.nbj.1.0.css --> Ftpfiles.penton.com /nhnm/css theme.system-layout-nhnm.nbj.1.0.css
2015.01.15 15:01 B G:\Marketing\Eloqua Assets\_HTML\Eloqua Sites (FTP)\nhnm\css\theme.system-layout-nhnm.nfm.1.0.css --> Ftpfiles.penton.com /nhnm/css theme.system-layout-nhnm.nfm.1.0.css
2015.01.15 15:01 B G:\Marketing\Eloqua Assets\_HTML\Eloqua Sites (FTP)\nhnm\css\theme.system-layout-nhnm.nh360.1.0.css --> Ftpfiles.penton.com /nhnm/css theme.system-layout-nhnm.nh360.1.0.css
2015.01.15 15:01 B G:\Marketing\Eloqua Assets\_HTML\Eloqua Sites (FTP)\nhnm\css\theme.system-layout-nhnm.nxta.1.0.css --> Ftpfiles.penton.com /nhnm/css theme.system-layout-nhnm.nxta.1.0.css
2015.01.15 15:07 B G:\Marketing\Eloqua Assets\_HTML\Eloqua Sites (FTP)\nhnm\css\core.system-layout-nhnm.1.0.css --> Ftpfiles.penton.com /nhnm/css core.system-layout-nhnm.1.0.css
2015.01.15 15:13 B G:\Marketing\Eloqua Assets\_HTML\Eloqua Sites (FTP)\nhnm\css\core.system-layout-nhnm.1.0.css --> Ftpfiles.penton.com /nhnm/css core.system-layout-nhnm.1.0.css
2015.01.15 15:25 B G:\Marketing\Eloqua Assets\_HTML\Eloqua Sites (FTP)\nhnm\css\theme.system-layout-nhnm.nxta.1.0.css --> Ftpfiles.penton.com /nhnm/css theme.system-layout-nhnm.nxta.1.0.css
2015.01.15 15:32 B G:\Marketing\Eloqua Assets\_HTML\Eloqua Sites (FTP)\nhnm\css\theme.system-layout-nhnm.ew.1.0.css --> Ftpfiles.penton.com /nhnm/css theme.system-layout-nhnm.ew.1.0.css
2015.01.15 15:35 B G:\Marketing\Eloqua Assets\_HTML\Eloqua Sites (FTP)\nhnm\css\theme.system-layout-nhnm.ew.1.0.css --> Ftpfiles.penton.com /nhnm/css theme.system-layout-nhnm.ew.1.0.css
2015.01.15 15:37 B G:\Marketing\Eloqua Assets\_HTML\Eloqua Sites (FTP)\nhnm\css\theme.system-layout-nhnm.nxta.1.0.css --> Ftpfiles.penton.com /nhnm/css theme.system-layout-nhnm.nxta.1.0.css
2015.01.15 15:40 B G:\Marketing\Eloqua Assets\_HTML\Eloqua Sites (FTP)\nhnm\css\theme.system-layout-nhnm.ew.1.0.css --> Ftpfiles.penton.com /nhnm/css theme.system-layout-nhnm.ew.1.0.css
2015.01.16 09:08 B G:\Marketing\Eloqua Assets\_HTML\Eloqua Sites (FTP)\nhnm\css\theme.system-layout-nhnm.ew.1.0.css --> Ftpfiles.penton.com /nhnm/css theme.system-layout-nhnm.ew.1.0.css
2015.01.16 09:15 B G:\Marketing\Eloqua Assets\_HTML\Eloqua Sites (FTP)\nhnm\css\core.system-layout-nhnm.1.0.css --> Ftpfiles.penton.com /nhnm/css core.system-layout-nhnm.1.0.css
2015.01.16 09:16 B G:\Marketing\Eloqua Assets\_HTML\Eloqua Sites (FTP)\nhnm\css\core.system-layout-nhnm.1.0.css --> Ftpfiles.penton.com /nhnm/css core.system-layout-nhnm.1.0.css
2015.01.16 09:38 B G:\Marketing\Eloqua Assets\_HTML\Eloqua Sites (FTP)\nhnm\css\core.system-layout-nhnm.1.0.css --> Ftpfiles.penton.com /nhnm/css core.system-layout-nhnm.1.0.css
2015.01.16 09:42 B G:\Marketing\Eloqua Assets\_HTML\Eloqua Sites (FTP)\nhnm\css\core.system-layout-nhnm.1.0.css --> Ftpfiles.penton.com /nhnm/css core.system-layout-nhnm.1.0.css
2015.01.16 09:53 B G:\Marketing\Eloqua Assets\_HTML\Eloqua Sites (FTP)\nhnm\css\theme.system-layout-nhnm.nfm.1.0.css --> Ftpfiles.penton.com /nhnm/css theme.system-layout-nhnm.nfm.1.0.css
2015.01.16 09:53 B G:\Marketing\Eloqua Assets\_HTML\Eloqua Sites (FTP)\nhnm\css\theme.system-layout-nhnm.ew.1.0.css --> Ftpfiles.penton.com /nhnm/css theme.system-layout-nhnm.ew.1.0.css
2015.01.16 09:53 B G:\Marketing\Eloqua Assets\_HTML\Eloqua Sites (FTP)\nhnm\css\core.system-layout-nhnm.1.0.css --> Ftpfiles.penton.com /nhnm/css core.system-layout-nhnm.1.0.css
2015.01.16 09:53 B G:\Marketing\Eloqua Assets\_HTML\Eloqua Sites (FTP)\nhnm\css\theme.system-layout-nhnm.nxta.1.0.css --> Ftpfiles.penton.com /nhnm/css theme.system-layout-nhnm.nxta.1.0.css
2015.01.16 09:53 B G:\Marketing\Eloqua Assets\_HTML\Eloqua Sites (FTP)\nhnm\css\theme.system-layout-nhnm.nh360.1.0.css --> Ftpfiles.penton.com /nhnm/css theme.system-layout-nhnm.nh360.1.0.css
2015.01.16 09:53 B G:\Marketing\Eloqua Assets\_HTML\Eloqua Sites (FTP)\nhnm\css\theme.system-layout-nhnm.nbj.1.0.css --> Ftpfiles.penton.com /nhnm/css theme.system-layout-nhnm.nbj.1.0.css
2015.01.16 09:53 B G:\Marketing\Eloqua Assets\_HTML\Eloqua Sites (FTP)\nhnm\css\theme.system-layout-nhnm.eng.1.0.css --> Ftpfiles.penton.com /nhnm/css theme.system-layout-nhnm.eng.1.0.css
2015.01.16 09:56 B G:\Marketing\Eloqua Assets\_HTML\Eloqua Sites (FTP)\nhnm\css\core.system-layout-nhnm.1.0.css --> Ftpfiles.penton.com /nhnm/css core.system-layout-nhnm.1.0.css
2015.01.16 10:12 B G:\Marketing\Eloqua Assets\_HTML\Eloqua Sites (FTP)\nhnm\css\core.system-layout-nhnm.1.0.css --> Ftpfiles.penton.com /nhnm/css core.system-layout-nhnm.1.0.css
2015.01.16 10:24 B G:\Marketing\Eloqua Assets\_HTML\Eloqua Sites (FTP)\nhnm\css\core.system-layout-nhnm.1.0.css --> Ftpfiles.penton.com /nhnm/css core.system-layout-nhnm.1.0.css
2015.01.16 10:26 B G:\Marketing\Eloqua Assets\_HTML\Eloqua Sites (FTP)\nhnm\css\theme.system-layout-nhnm.ew.1.0.css --> Ftpfiles.penton.com /nhnm/css theme.system-layout-nhnm.ew.1.0.css
2015.01.16 10:30 B G:\Marketing\Eloqua Assets\_HTML\Eloqua Sites (FTP)\nhnm\css\theme.system-layout-nhnm.ew.1.0.css --> Ftpfiles.penton.com /nhnm/css theme.system-layout-nhnm.ew.1.0.css
2015.01.16 10:32 B G:\Marketing\Eloqua Assets\_HTML\Eloqua Sites (FTP)\nhnm\css\core.system-layout-nhnm.1.0.css --> Ftpfiles.penton.com /nhnm/css core.system-layout-nhnm.1.0.css
2015.01.16 10:37 B G:\Marketing\Eloqua Assets\_HTML\Eloqua Sites (FTP)\nhnm\css\core.system-layout-nhnm.1.0.css --> Ftpfiles.penton.com /nhnm/css core.system-layout-nhnm.1.0.css
2015.01.16 10:38 B G:\Marketing\Eloqua Assets\_HTML\Eloqua Sites (FTP)\nhnm\css\core.system-layout-nhnm.1.0.css --> Ftpfiles.penton.com /nhnm/css core.system-layout-nhnm.1.0.css
2015.01.16 10:48 B G:\Marketing\Eloqua Assets\_HTML\Eloqua Sites (FTP)\nhnm\css\core.system-layout-nhnm.1.0.css --> Ftpfiles.penton.com /nhnm/css core.system-layout-nhnm.1.0.css
2015.01.16 10:50 B G:\Marketing\Eloqua Assets\_HTML\Eloqua Sites (FTP)\nhnm\css\core.system-layout-nhnm.1.0.css --> Ftpfiles.penton.com /nhnm/css core.system-layout-nhnm.1.0.css
2015.01.16 10:56 B G:\Marketing\Eloqua Assets\_HTML\Eloqua Sites (FTP)\nhnm\css\core.system-layout-nhnm.1.0.css --> Ftpfiles.penton.com /nhnm/css core.system-layout-nhnm.1.0.css
2015.01.16 10:57 B G:\Marketing\Eloqua Assets\_HTML\Eloqua Sites (FTP)\nhnm\css\core.system-layout-nhnm.1.0.css --> Ftpfiles.penton.com /nhnm/css core.system-layout-nhnm.1.0.css
2015.01.20 15:57 B G:\Marketing\Eloqua Assets\_HTML\Eloqua Sites (FTP)\nhnm\css\theme.system-layout-nhnm.nxtt.1.0.css --> Ftpfiles.penton.com /nhnm/css theme.system-layout-nhnm.nxtt.1.0.css
2015.01.20 16:13 B G:\Marketing\Eloqua Assets\_HTML\Eloqua Sites (FTP)\nhnm\css\theme.system-layout-nhnm.nxtt.1.0.css --> Ftpfiles.penton.com /nhnm/css theme.system-layout-nhnm.nxtt.1.0.css
2015.01.28 08:47 B G:\Marketing\Eloqua Assets\_HTML\Eloqua Sites (FTP)\nhnm\css\core.system-layout-nhnm.1.0.css --> Ftpfiles.penton.com /nhnm/css core.system-layout-nhnm.1.0.css
2015.01.28 08:51 B G:\Marketing\Eloqua Assets\_HTML\Eloqua Sites (FTP)\nhnm\css\core.system-layout-nhnm.1.0.css --> Ftpfiles.penton.com /nhnm/css core.system-layout-nhnm.1.0.css
2015.01.28 11:46 B G:\Marketing\Eloqua Assets\_HTML\Eloqua Sites (FTP)\nhnm\css\core.system-layout-nhnm.1.0.css --> Ftpfiles.penton.com /nhnm/css core.system-layout-nhnm.1.0.css
2015.01.29 15:28 B G:\Marketing\Eloqua Assets\_HTML\Eloqua Sites (FTP)\nhnm\css\theme.system-layout-nhnm.eng.1.0.css --> Ftpfiles.penton.com /nhnm/css theme.system-layout-nhnm.eng.1.0.css
