2015.02.09 09:45 B G:\Marketing\Eloqua Assets\_HTML\Eloqua Sites (FTP)\nhnm\css\1.1\theme.system-layout-nhnm.eng.1.1.css --> Ftpfiles.penton.com /nhnm/css/1.1 theme.system-layout-nhnm.eng.1.1.css
2015.02.09 09:46 B G:\Marketing\Eloqua Assets\_HTML\Eloqua Sites (FTP)\nhnm\css\1.1\theme.system-layout-nhnm.nh360.1.1.css --> Ftpfiles.penton.com /nhnm/css/1.1 theme.system-layout-nhnm.nh360.1.1.css
2015.02.09 10:24 B G:\Marketing\Eloqua Assets\_HTML\Eloqua Sites (FTP)\nhnm\css\1.1\theme.system-layout-nhnm.nh360.1.1.css --> Ftpfiles.penton.com /nhnm/css/1.1 theme.system-layout-nhnm.nh360.1.1.css
2015.02.09 10:24 B G:\Marketing\Eloqua Assets\_HTML\Eloqua Sites (FTP)\nhnm\css\1.1\theme.system-layout-nhnm.eng.1.1.css --> Ftpfiles.penton.com /nhnm/css/1.1 theme.system-layout-nhnm.eng.1.1.css
2015.02.09 10:24 B G:\Marketing\Eloqua Assets\_HTML\Eloqua Sites (FTP)\nhnm\css\1.1\theme.system-layout-nhnm.nh360.1.1.css --> Ftpfiles.penton.com /nhnm/css/1.1 theme.system-layout-nhnm.nh360.1.1.css
2015.02.09 10:24 B G:\Marketing\Eloqua Assets\_HTML\Eloqua Sites (FTP)\nhnm\css\1.1\theme.system-layout-nhnm.eng.1.1.css --> Ftpfiles.penton.com /nhnm/css/1.1 theme.system-layout-nhnm.eng.1.1.css
2015.02.09 10:28 B G:\Marketing\Eloqua Assets\_HTML\Eloqua Sites (FTP)\nhnm\css\1.1\theme.system-layout-nhnm.nh360.1.1.css --> Ftpfiles.penton.com /nhnm/css/1.1 theme.system-layout-nhnm.nh360.1.1.css
2015.02.09 10:34 B G:\Marketing\Eloqua Assets\_HTML\Eloqua Sites (FTP)\nhnm\css\1.1\theme.system-layout-nhnm.eng.1.1.css --> Ftpfiles.penton.com /nhnm/css/1.1 theme.system-layout-nhnm.eng.1.1.css
2015.02.09 10:34 B G:\Marketing\Eloqua Assets\_HTML\Eloqua Sites (FTP)\nhnm\css\1.1\theme.system-layout-nhnm.nh360.1.1.css --> Ftpfiles.penton.com /nhnm/css/1.1 theme.system-layout-nhnm.nh360.1.1.css
2015.02.09 10:35 B G:\Marketing\Eloqua Assets\_HTML\Eloqua Sites (FTP)\nhnm\css\1.1\theme.system-layout-nhnm.eng.1.1.css --> Ftpfiles.penton.com /nhnm/css/1.1 theme.system-layout-nhnm.eng.1.1.css
2015.02.09 10:41 B G:\Marketing\Eloqua Assets\_HTML\Eloqua Sites (FTP)\nhnm\css\1.1\theme.system-layout-nhnm.eng.1.1.css --> Ftpfiles.penton.com /nhnm/css/1.1 theme.system-layout-nhnm.eng.1.1.css
2015.02.09 10:43 B G:\Marketing\Eloqua Assets\_HTML\Eloqua Sites (FTP)\nhnm\css\1.1\theme.system-layout-nhnm.nh360.1.1.css --> Ftpfiles.penton.com /nhnm/css/1.1 theme.system-layout-nhnm.nh360.1.1.css
2015.02.09 10:45 B G:\Marketing\Eloqua Assets\_HTML\Eloqua Sites (FTP)\nhnm\css\1.1\theme.system-layout-nhnm.nh360.1.1.css --> Ftpfiles.penton.com /nhnm/css/1.1 theme.system-layout-nhnm.nh360.1.1.css
2015.02.09 10:45 B G:\Marketing\Eloqua Assets\_HTML\Eloqua Sites (FTP)\nhnm\css\1.1\theme.system-layout-nhnm.eng.1.1.css --> Ftpfiles.penton.com /nhnm/css/1.1 theme.system-layout-nhnm.eng.1.1.css
2015.02.09 10:48 B G:\Marketing\Eloqua Assets\_HTML\Eloqua Sites (FTP)\nhnm\css\1.1\theme.system-layout-nhnm.nh360.1.1.css --> Ftpfiles.penton.com /nhnm/css/1.1 theme.system-layout-nhnm.nh360.1.1.css
2015.02.09 10:57 B G:\Marketing\Eloqua Assets\_HTML\Eloqua Sites (FTP)\nhnm\css\1.1\core.system-layout-nhnm.1.1.css --> Ftpfiles.penton.com /nhnm/css/1.1 core.system-layout-nhnm.1.1.css
2015.02.09 10:57 B G:\Marketing\Eloqua Assets\_HTML\Eloqua Sites (FTP)\nhnm\css\1.1\theme.system-layout-nhnm.nh360.1.1.css --> Ftpfiles.penton.com /nhnm/css/1.1 theme.system-layout-nhnm.nh360.1.1.css
2015.02.09 10:57 B G:\Marketing\Eloqua Assets\_HTML\Eloqua Sites (FTP)\nhnm\css\1.1\theme.system-layout-nhnm.eng.1.1.css --> Ftpfiles.penton.com /nhnm/css/1.1 theme.system-layout-nhnm.eng.1.1.css
2015.02.09 11:01 B G:\Marketing\Eloqua Assets\_HTML\Eloqua Sites (FTP)\nhnm\css\1.1\theme.system-layout-nhnm.eng.1.1.css --> Ftpfiles.penton.com /nhnm/css/1.1 theme.system-layout-nhnm.eng.1.1.css
2015.02.09 11:29 B G:\Marketing\Eloqua Assets\_HTML\Eloqua Sites (FTP)\nhnm\css\1.1\theme.system-layout-nhnm.nh360.1.1.css --> Ftpfiles.penton.com /nhnm/css/1.1 theme.system-layout-nhnm.nh360.1.1.css
2015.02.09 11:29 B G:\Marketing\Eloqua Assets\_HTML\Eloqua Sites (FTP)\nhnm\css\1.1\theme.system-layout-nhnm.eng.1.1.css --> Ftpfiles.penton.com /nhnm/css/1.1 theme.system-layout-nhnm.eng.1.1.css
2015.02.09 11:29 B G:\Marketing\Eloqua Assets\_HTML\Eloqua Sites (FTP)\nhnm\css\1.1\core.system-layout-nhnm.1.1.css --> Ftpfiles.penton.com /nhnm/css/1.1 core.system-layout-nhnm.1.1.css
2015.02.09 11:33 B G:\Marketing\Eloqua Assets\_HTML\Eloqua Sites (FTP)\nhnm\css\1.1\core.system-layout-nhnm.1.1.css --> Ftpfiles.penton.com /nhnm/css/1.1 core.system-layout-nhnm.1.1.css
2015.02.09 13:02 B G:\Marketing\Eloqua Assets\_HTML\Eloqua Sites (FTP)\nhnm\css\1.1\theme.system-layout-nhnm.nh360.1.1.css --> Ftpfiles.penton.com /nhnm/css/1.1 theme.system-layout-nhnm.nh360.1.1.css
2015.02.09 13:02 B G:\Marketing\Eloqua Assets\_HTML\Eloqua Sites (FTP)\nhnm\css\1.1\theme.system-layout-nhnm.eng.1.1.css --> Ftpfiles.penton.com /nhnm/css/1.1 theme.system-layout-nhnm.eng.1.1.css
2015.02.09 13:04 B G:\Marketing\Eloqua Assets\_HTML\Eloqua Sites (FTP)\nhnm\css\1.1\theme.system-layout-nhnm.nh360.1.1.css --> Ftpfiles.penton.com /nhnm/css/1.1 theme.system-layout-nhnm.nh360.1.1.css
2015.02.09 13:04 B G:\Marketing\Eloqua Assets\_HTML\Eloqua Sites (FTP)\nhnm\css\1.1\theme.system-layout-nhnm.eng.1.1.css --> Ftpfiles.penton.com /nhnm/css/1.1 theme.system-layout-nhnm.eng.1.1.css
2015.02.09 13:05 B G:\Marketing\Eloqua Assets\_HTML\Eloqua Sites (FTP)\nhnm\css\1.1\theme.system-layout-nhnm.nh360.1.1.css --> Ftpfiles.penton.com /nhnm/css/1.1 theme.system-layout-nhnm.nh360.1.1.css
2015.02.09 13:05 B G:\Marketing\Eloqua Assets\_HTML\Eloqua Sites (FTP)\nhnm\css\1.1\theme.system-layout-nhnm.eng.1.1.css --> Ftpfiles.penton.com /nhnm/css/1.1 theme.system-layout-nhnm.eng.1.1.css
2015.02.09 13:08 B G:\Marketing\Eloqua Assets\_HTML\Eloqua Sites (FTP)\nhnm\css\1.1\core.system-layout-nhnm.1.1.css --> Ftpfiles.penton.com /nhnm/css/1.1 core.system-layout-nhnm.1.1.css
2015.02.10 10:01 B G:\Marketing\Eloqua Assets\_HTML\Eloqua Sites (FTP)\nhnm\css\1.1\theme.system-layout-nhnm.ew.1.1.css --> Ftpfiles.penton.com /nhnm/css/1.1 theme.system-layout-nhnm.ew.1.1.css
2015.02.10 10:22 B G:\Marketing\Eloqua Assets\_HTML\Eloqua Sites (FTP)\nhnm\css\1.1\theme.system-layout-nhnm.nbjs.1.1.css --> Ftpfiles.penton.com /nhnm/css/1.1 theme.system-layout-nhnm.nbjs.1.1.css
2015.02.10 10:33 B G:\Marketing\Eloqua Assets\_HTML\Eloqua Sites (FTP)\nhnm\css\1.1\theme.system-layout-nhnm.nbjs.1.1.css --> Ftpfiles.penton.com /nhnm/css/1.1 theme.system-layout-nhnm.nbjs.1.1.css
2015.02.10 13:19 B G:\Marketing\Eloqua Assets\_HTML\Eloqua Sites (FTP)\nhnm\css\1.1\theme.system-layout-nhnm.nbjs.1.1.css --> Ftpfiles.penton.com /nhnm/css/1.1 theme.system-layout-nhnm.nbjs.1.1.css
2015.02.10 13:24 B G:\Marketing\Eloqua Assets\_HTML\Eloqua Sites (FTP)\nhnm\css\1.1\theme.system-layout-nhnm.nbjs.1.1.css --> Ftpfiles.penton.com /nhnm/css/1.1 theme.system-layout-nhnm.nbjs.1.1.css
2015.02.10 13:30 B G:\Marketing\Eloqua Assets\_HTML\Eloqua Sites (FTP)\nhnm\css\1.1\theme.system-layout-nhnm.nbjs.1.1.css --> Ftpfiles.penton.com /nhnm/css/1.1 theme.system-layout-nhnm.nbjs.1.1.css
2015.02.10 15:50 B G:\Marketing\Eloqua Assets\_HTML\Eloqua Sites (FTP)\nhnm\css\1.1\theme.system-layout-nhnm.nbjs.1.1.css --> Ftpfiles.penton.com /nhnm/css/1.1 theme.system-layout-nhnm.nbjs.1.1.css
2015.02.10 15:51 B G:\Marketing\Eloqua Assets\_HTML\Eloqua Sites (FTP)\nhnm\css\1.1\theme.system-layout-nhnm.nbjs.1.1.css --> Ftpfiles.penton.com /nhnm/css/1.1 theme.system-layout-nhnm.nbjs.1.1.css
2015.02.10 16:23 B G:\Marketing\Eloqua Assets\_HTML\Eloqua Sites (FTP)\nhnm\css\1.1\theme.system-layout-nhnm.nbjs.1.1.css --> Ftpfiles.penton.com /nhnm/css/1.1 theme.system-layout-nhnm.nbjs.1.1.css
2015.02.10 16:26 B G:\Marketing\Eloqua Assets\_HTML\Eloqua Sites (FTP)\nhnm\css\1.1\theme.system-layout-nhnm.nbjs.1.1.css --> Ftpfiles.penton.com /nhnm/css/1.1 theme.system-layout-nhnm.nbjs.1.1.css
2015.02.11 08:58 B G:\Marketing\Eloqua Assets\_HTML\Eloqua Sites (FTP)\nhnm\css\1.1\theme.system-layout-nhnm.nbjs.1.1.css --> Ftpfiles.penton.com /nhnm/css/1.1 theme.system-layout-nhnm.nbjs.1.1.css
2015.02.11 09:01 B G:\Marketing\Eloqua Assets\_HTML\Eloqua Sites (FTP)\nhnm\css\1.1\theme.system-layout-nhnm.nbjs.1.1.css --> Ftpfiles.penton.com /nhnm/css/1.1 theme.system-layout-nhnm.nbjs.1.1.css
2015.02.11 10:11 B G:\Marketing\Eloqua Assets\_HTML\Eloqua Sites (FTP)\nhnm\css\1.1\theme.system-layout-nhnm.ew.1.1.css --> Ftpfiles.penton.com /nhnm/css/1.1 theme.system-layout-nhnm.ew.1.1.css
2015.02.11 10:13 B G:\Marketing\Eloqua Assets\_HTML\Eloqua Sites (FTP)\nhnm\css\1.1\theme.system-layout-nhnm.ew.1.1.css --> Ftpfiles.penton.com /nhnm/css/1.1 theme.system-layout-nhnm.ew.1.1.css
2015.02.11 10:15 B G:\Marketing\Eloqua Assets\_HTML\Eloqua Sites (FTP)\nhnm\css\1.1\theme.system-layout-nhnm.ew.1.1.css --> Ftpfiles.penton.com /nhnm/css/1.1 theme.system-layout-nhnm.ew.1.1.css
2015.02.11 10:19 B G:\Marketing\Eloqua Assets\_HTML\Eloqua Sites (FTP)\nhnm\css\1.1\theme.system-layout-nhnm.ew.1.1.css --> Ftpfiles.penton.com /nhnm/css/1.1 theme.system-layout-nhnm.ew.1.1.css
2015.02.11 10:21 B G:\Marketing\Eloqua Assets\_HTML\Eloqua Sites (FTP)\nhnm\css\1.1\theme.system-layout-nhnm.ew.1.1.css --> Ftpfiles.penton.com /nhnm/css/1.1 theme.system-layout-nhnm.ew.1.1.css
2015.02.11 10:23 B G:\Marketing\Eloqua Assets\_HTML\Eloqua Sites (FTP)\nhnm\css\1.1\theme.system-layout-nhnm.ew.1.1.css --> Ftpfiles.penton.com /nhnm/css/1.1 theme.system-layout-nhnm.ew.1.1.css
2015.02.11 10:26 B G:\Marketing\Eloqua Assets\_HTML\Eloqua Sites (FTP)\nhnm\css\1.1\core.system-layout-nhnm.1.1.css --> Ftpfiles.penton.com /nhnm/css/1.1 core.system-layout-nhnm.1.1.css
2015.02.11 10:26 B G:\Marketing\Eloqua Assets\_HTML\Eloqua Sites (FTP)\nhnm\css\1.1\theme.system-layout-nhnm.eng.1.1.css --> Ftpfiles.penton.com /nhnm/css/1.1 theme.system-layout-nhnm.eng.1.1.css
2015.02.11 10:26 B G:\Marketing\Eloqua Assets\_HTML\Eloqua Sites (FTP)\nhnm\css\1.1\theme.system-layout-nhnm.ew.1.1.css --> Ftpfiles.penton.com /nhnm/css/1.1 theme.system-layout-nhnm.ew.1.1.css
2015.02.11 10:26 B G:\Marketing\Eloqua Assets\_HTML\Eloqua Sites (FTP)\nhnm\css\1.1\theme.system-layout-nhnm.nbjs.1.1.css --> Ftpfiles.penton.com /nhnm/css/1.1 theme.system-layout-nhnm.nbjs.1.1.css
2015.02.11 10:26 B G:\Marketing\Eloqua Assets\_HTML\Eloqua Sites (FTP)\nhnm\css\1.1\theme.system-layout-nhnm.nh360.1.1.css --> Ftpfiles.penton.com /nhnm/css/1.1 theme.system-layout-nhnm.nh360.1.1.css
2015.02.11 10:31 B G:\Marketing\Eloqua Assets\_HTML\Eloqua Sites (FTP)\nhnm\css\1.1\core.system-layout-nhnm.1.1.css --> Ftpfiles.penton.com /nhnm/css/1.1 core.system-layout-nhnm.1.1.css
2015.02.11 10:31 B G:\Marketing\Eloqua Assets\_HTML\Eloqua Sites (FTP)\nhnm\css\1.1\theme.system-layout-nhnm.eng.1.1.css --> Ftpfiles.penton.com /nhnm/css/1.1 theme.system-layout-nhnm.eng.1.1.css
2015.02.11 10:31 B G:\Marketing\Eloqua Assets\_HTML\Eloqua Sites (FTP)\nhnm\css\1.1\theme.system-layout-nhnm.ew.1.1.css --> Ftpfiles.penton.com /nhnm/css/1.1 theme.system-layout-nhnm.ew.1.1.css
2015.02.11 10:31 B G:\Marketing\Eloqua Assets\_HTML\Eloqua Sites (FTP)\nhnm\css\1.1\theme.system-layout-nhnm.nbjs.1.1.css --> Ftpfiles.penton.com /nhnm/css/1.1 theme.system-layout-nhnm.nbjs.1.1.css
2015.02.11 10:31 B G:\Marketing\Eloqua Assets\_HTML\Eloqua Sites (FTP)\nhnm\css\1.1\theme.system-layout-nhnm.nh360.1.1.css --> Ftpfiles.penton.com /nhnm/css/1.1 theme.system-layout-nhnm.nh360.1.1.css
2015.02.11 10:39 B G:\Marketing\Eloqua Assets\_HTML\Eloqua Sites (FTP)\nhnm\css\1.1\theme.system-layout-nhnm.ew.1.1.css --> Ftpfiles.penton.com /nhnm/css/1.1 theme.system-layout-nhnm.ew.1.1.css
2015.02.11 10:39 B G:\Marketing\Eloqua Assets\_HTML\Eloqua Sites (FTP)\nhnm\css\1.1\theme.system-layout-nhnm.nh360.1.1.css --> Ftpfiles.penton.com /nhnm/css/1.1 theme.system-layout-nhnm.nh360.1.1.css
2015.02.11 10:41 B G:\Marketing\Eloqua Assets\_HTML\Eloqua Sites (FTP)\nhnm\css\1.1\theme.system-layout-nhnm.ew.1.1.css --> Ftpfiles.penton.com /nhnm/css/1.1 theme.system-layout-nhnm.ew.1.1.css
2015.02.11 12:24 B G:\Marketing\Eloqua Assets\_HTML\Eloqua Sites (FTP)\nhnm\css\1.1\theme.system-layout-nhnm.ew.1.1.css --> Ftpfiles.penton.com /nhnm/css/1.1 theme.system-layout-nhnm.ew.1.1.css
2015.02.12 10:34 B G:\Marketing\Eloqua Assets\_HTML\Eloqua Sites (FTP)\nhnm\css\1.1\theme.system-layout-nhnm.ew.1.1.css --> Ftpfiles.penton.com /nhnm/css/1.1 theme.system-layout-nhnm.ew.1.1.css
2015.02.12 10:55 B G:\Marketing\Eloqua Assets\_HTML\Eloqua Sites (FTP)\nhnm\css\1.1\theme.system-layout-nhnm.ew.1.1.css --> Ftpfiles.penton.com /nhnm/css/1.1 theme.system-layout-nhnm.ew.1.1.css
2015.02.12 11:01 B G:\Marketing\Eloqua Assets\_HTML\Eloqua Sites (FTP)\nhnm\css\1.1\theme.system-layout-nhnm.ew.1.1.css --> Ftpfiles.penton.com /nhnm/css/1.1 theme.system-layout-nhnm.ew.1.1.css
2015.02.12 11:04 B G:\Marketing\Eloqua Assets\_HTML\Eloqua Sites (FTP)\nhnm\css\1.1\theme.system-layout-nhnm.ee.1.1.css --> Ftpfiles.penton.com /nhnm/css/1.1 theme.system-layout-nhnm.ee.1.1.css
2015.02.12 11:34 B G:\Marketing\Eloqua Assets\_HTML\Eloqua Sites (FTP)\nhnm\css\1.1\theme.system-layout-nhnm.ew.1.1.css --> Ftpfiles.penton.com /nhnm/css/1.1 theme.system-layout-nhnm.ew.1.1.css
2015.02.12 11:34 B G:\Marketing\Eloqua Assets\_HTML\Eloqua Sites (FTP)\nhnm\css\1.1\theme.system-layout-nhnm.ee.1.1.css --> Ftpfiles.penton.com /nhnm/css/1.1 theme.system-layout-nhnm.ee.1.1.css
2015.02.12 11:34 B G:\Marketing\Eloqua Assets\_HTML\Eloqua Sites (FTP)\nhnm\css\1.1\theme.system-layout-nhnm.nh360.1.1.css --> Ftpfiles.penton.com /nhnm/css/1.1 theme.system-layout-nhnm.nh360.1.1.css
2015.02.13 15:47 B G:\Marketing\Eloqua Assets\_HTML\Eloqua Sites (FTP)\nhnm\css\1.1\theme.system-layout-nhnm.ew.1.1.css --> Ftpfiles.penton.com /nhnm/css/1.1 theme.system-layout-nhnm.ew.1.1.css
2015.02.17 12:51 B G:\Marketing\Eloqua Assets\_HTML\Eloqua Sites (FTP)\nhnm\css\1.1\theme.forms-nhnm.pisces.1.1.css --> Ftpfiles.penton.com /nhnm/css/1.1 theme.forms-nhnm.pisces.1.1.css
2015.02.17 13:05 B G:\Marketing\Eloqua Assets\_HTML\Eloqua Sites (FTP)\nhnm\css\1.1\theme.forms-nhnm.pisces.1.1.css --> Ftpfiles.penton.com /nhnm/css/1.1 theme.forms-nhnm.pisces.1.1.css
2015.02.17 13:57 B G:\Marketing\Eloqua Assets\_HTML\Eloqua Sites (FTP)\nhnm\css\1.1\theme.forms-nhnm.pisces.1.1.css --> Ftpfiles.penton.com /nhnm/css/1.1 theme.forms-nhnm.pisces.1.1.css
2015.02.17 14:48 B G:\Marketing\Eloqua Assets\_HTML\Eloqua Sites (FTP)\nhnm\css\1.1\theme.forms-nhnm.pisces.1.1.css --> Ftpfiles.penton.com /nhnm/css/1.1 theme.forms-nhnm.pisces.1.1.css
2015.02.17 16:10 B G:\Marketing\Eloqua Assets\_HTML\Eloqua Sites (FTP)\nhnm\css\1.1\theme.forms-nhnm.pisces.1.1.css --> Ftpfiles.penton.com /nhnm/css/1.1 theme.forms-nhnm.pisces.1.1.css
2015.02.17 16:15 B G:\Marketing\Eloqua Assets\_HTML\Eloqua Sites (FTP)\nhnm\css\1.1\theme.forms-nhnm.pisces.1.1.css --> Ftpfiles.penton.com /nhnm/css/1.1 theme.forms-nhnm.pisces.1.1.css
2015.02.17 16:23 B G:\Marketing\Eloqua Assets\_HTML\Eloqua Sites (FTP)\nhnm\css\1.1\theme.forms-nhnm.pisces.1.1.css --> Ftpfiles.penton.com /nhnm/css/1.1 theme.forms-nhnm.pisces.1.1.css
2015.02.17 16:26 B G:\Marketing\Eloqua Assets\_HTML\Eloqua Sites (FTP)\nhnm\css\1.1\theme.forms-nhnm.pisces.1.1.css --> Ftpfiles.penton.com /nhnm/css/1.1 theme.forms-nhnm.pisces.1.1.css
2015.02.17 16:28 B G:\Marketing\Eloqua Assets\_HTML\Eloqua Sites (FTP)\nhnm\css\1.1\theme.forms-nhnm.pisces.1.1.css --> Ftpfiles.penton.com /nhnm/css/1.1 theme.forms-nhnm.pisces.1.1.css
2015.02.17 16:29 B G:\Marketing\Eloqua Assets\_HTML\Eloqua Sites (FTP)\nhnm\css\1.1\theme.forms-nhnm.pisces.1.1.css --> Ftpfiles.penton.com /nhnm/css/1.1 theme.forms-nhnm.pisces.1.1.css
2015.02.17 16:34 B G:\Marketing\Eloqua Assets\_HTML\Eloqua Sites (FTP)\nhnm\css\1.1\theme.forms-nhnm.pisces.1.1.css --> Ftpfiles.penton.com /nhnm/css/1.1 theme.forms-nhnm.pisces.1.1.css
2015.02.17 16:37 B G:\Marketing\Eloqua Assets\_HTML\Eloqua Sites (FTP)\nhnm\css\1.1\theme.forms-nhnm.pisces.1.1.css --> Ftpfiles.penton.com /nhnm/css/1.1 theme.forms-nhnm.pisces.1.1.css
2015.02.18 09:41 B G:\Marketing\Eloqua Assets\_HTML\Eloqua Sites (FTP)\nhnm\css\1.1\theme.forms-nhnm.pisces.1.1.css --> Ftpfiles.penton.com /nhnm/css/1.1 theme.forms-nhnm.pisces.1.1.css
2015.02.18 09:53 B G:\Marketing\Eloqua Assets\_HTML\Eloqua Sites (FTP)\nhnm\css\1.1\theme.forms-nhnm.pisces.1.1.css --> Ftpfiles.penton.com /nhnm/css/1.1 theme.forms-nhnm.pisces.1.1.css
2015.02.18 10:02 B G:\Marketing\Eloqua Assets\_HTML\Eloqua Sites (FTP)\nhnm\css\1.1\theme.forms-nhnm.pisces.1.1.css --> Ftpfiles.penton.com /nhnm/css/1.1 theme.forms-nhnm.pisces.1.1.css
2015.02.18 10:27 B G:\Marketing\Eloqua Assets\_HTML\Eloqua Sites (FTP)\nhnm\css\1.1\theme.forms-nhnm.pisces.1.1.css --> Ftpfiles.penton.com /nhnm/css/1.1 theme.forms-nhnm.pisces.1.1.css
2015.02.18 11:59 B G:\Marketing\Eloqua Assets\_HTML\Eloqua Sites (FTP)\nhnm\css\1.1\theme.forms-nhnm.pisces.1.1.css --> Ftpfiles.penton.com /nhnm/css/1.1 theme.forms-nhnm.pisces.1.1.css
2015.02.18 12:02 B G:\Marketing\Eloqua Assets\_HTML\Eloqua Sites (FTP)\nhnm\css\1.1\theme.forms-nhnm.pisces.1.1.css --> Ftpfiles.penton.com /nhnm/css/1.1 theme.forms-nhnm.pisces.1.1.css
2015.02.18 12:22 B G:\Marketing\Eloqua Assets\_HTML\Eloqua Sites (FTP)\nhnm\css\1.1\theme.forms-nhnm.pisces.1.1.css --> Ftpfiles.penton.com /nhnm/css/1.1 theme.forms-nhnm.pisces.1.1.css
2015.02.18 12:25 B G:\Marketing\Eloqua Assets\_HTML\Eloqua Sites (FTP)\nhnm\css\1.1\core.forms-nhnm.1.1.css --> Ftpfiles.penton.com /nhnm/css/1.1 core.forms-nhnm.1.1.css
2015.02.18 12:25 B G:\Marketing\Eloqua Assets\_HTML\Eloqua Sites (FTP)\nhnm\css\1.1\theme.system-layout-nhnm.ew.1.1.css --> Ftpfiles.penton.com /nhnm/css/1.1 theme.system-layout-nhnm.ew.1.1.css
2015.02.18 12:25 B G:\Marketing\Eloqua Assets\_HTML\Eloqua Sites (FTP)\nhnm\css\1.1\theme.system-layout-nhnm.eng.1.1.css --> Ftpfiles.penton.com /nhnm/css/1.1 theme.system-layout-nhnm.eng.1.1.css
2015.02.18 12:37 B G:\Marketing\Eloqua Assets\_HTML\Eloqua Sites (FTP)\nhnm\css\1.1\theme.website-layout-nhnm.eng.1.1.css --> Ftpfiles.penton.com /nhnm/css/1.1 theme.website-layout-nhnm.eng.1.1.css
2015.02.18 12:37 B G:\Marketing\Eloqua Assets\_HTML\Eloqua Sites (FTP)\nhnm\css\1.1\form.website-layout-nhnm.1.1.css --> Ftpfiles.penton.com /nhnm/css/1.1 form.website-layout-nhnm.1.1.css
2015.02.18 12:37 B G:\Marketing\Eloqua Assets\_HTML\Eloqua Sites (FTP)\nhnm\css\1.1\forms.system-layout-nhnm.1.1.css --> Ftpfiles.penton.com /nhnm/css/1.1 forms.system-layout-nhnm.1.1.css
2015.02.18 12:53 B G:\Marketing\Eloqua Assets\_HTML\Eloqua Sites (FTP)\nhnm\css\1.1\theme.system-layout-nhnm.nbjs.1.1.css --> Ftpfiles.penton.com /nhnm/css/1.1 theme.system-layout-nhnm.nbjs.1.1.css
2015.02.18 12:53 B G:\Marketing\Eloqua Assets\_HTML\Eloqua Sites (FTP)\nhnm\css\1.1\theme.website-layout-nhnm.nh360.1.1.css --> Ftpfiles.penton.com /nhnm/css/1.1 theme.website-layout-nhnm.nh360.1.1.css
2015.02.18 12:53 B G:\Marketing\Eloqua Assets\_HTML\Eloqua Sites (FTP)\nhnm\css\1.1\theme.system-layout-nhnm.nh360.1.1.css --> Ftpfiles.penton.com /nhnm/css/1.1 theme.system-layout-nhnm.nh360.1.1.css
2015.02.18 12:53 B G:\Marketing\Eloqua Assets\_HTML\Eloqua Sites (FTP)\nhnm\css\1.1\theme.system-layout-nhnm.ee.1.1.css --> Ftpfiles.penton.com /nhnm/css/1.1 theme.system-layout-nhnm.ee.1.1.css
2015.02.18 14:01 B G:\Marketing\Eloqua Assets\_HTML\Eloqua Sites (FTP)\nhnm\css\1.1\website-layout-nhnm.theme.dl.1.1.css --> Ftpfiles.penton.com /nhnm/css/1.1 website-layout-nhnm.theme.dl.1.1.css
2015.03.10 09:25 B G:\Marketing\Eloqua Assets\_HTML\Eloqua Sites (FTP)\nhnm\css\1.1\website-layout-nhnm.form.1.1.css --> Ftpfiles.penton.com /nhnm/css/1.1 website-layout-nhnm.form.1.1.css
2015.03.10 09:26 B G:\Marketing\Eloqua Assets\_HTML\Eloqua Sites (FTP)\nhnm\css\1.1\website-layout-nhnm.form.1.1.css --> Ftpfiles.penton.com /nhnm/css/1.1 website-layout-nhnm.form.1.1.css
2015.03.10 09:27 B G:\Marketing\Eloqua Assets\_HTML\Eloqua Sites (FTP)\nhnm\css\1.1\website-layout-nhnm.form.1.1.css --> Ftpfiles.penton.com /nhnm/css/1.1 website-layout-nhnm.form.1.1.css
2015.03.10 09:53 B G:\Marketing\Eloqua Assets\_HTML\Eloqua Sites (FTP)\nhnm\css\1.1\website-layout-nhnm.theme.next-orange.1.1.css --> Ftpfiles.penton.com /nhnm/css/1.1 website-layout-nhnm.theme.next-orange.1.1.css
2015.03.10 14:17 B G:\Marketing\Eloqua Assets\_HTML\Eloqua Sites (FTP)\nhnm\css\1.1\system-layout-nhnm.theme.next-trend.1.1.css --> Ftpfiles.penton.com /nhnm/css/1.1 system-layout-nhnm.theme.next-trend.1.1.css
2015.03.12 10:20 B G:\Marketing\Eloqua Assets\_HTML\Eloqua Sites (FTP)\nhnm\css\1.1\system-layout-nhnm.theme.next-forecast.1.1.css --> Ftpfiles.penton.com /nhnm/css/1.1 system-layout-nhnm.theme.next-forecast.1.1.css
2015.03.20 12:41 B G:\Marketing\Eloqua Assets\_HTML\Eloqua Sites (FTP)\nhnm\css\1.1\system-layout-nhnm.theme.ee.1.1.css --> Ftpfiles.penton.com /nhnm/css/1.1 system-layout-nhnm.theme.ee.1.1.css
2015.03.20 13:27 B G:\Marketing\Eloqua Assets\_HTML\Eloqua Sites (FTP)\nhnm\css\1.1\system-layout-nhnm.theme.ee.1.1.css --> Ftpfiles.penton.com /nhnm/css/1.1 system-layout-nhnm.theme.ee.1.1.css
2015.03.20 13:58 B G:\Marketing\Eloqua Assets\_HTML\Eloqua Sites (FTP)\nhnm\css\1.1\system-layout-nhnm.theme.ee.1.1.css --> Ftpfiles.penton.com /nhnm/css/1.1 system-layout-nhnm.theme.ee.1.1.css
2015.03.24 15:00 B G:\Marketing\Eloqua Assets\_HTML\Eloqua Sites (FTP)\nhnm\css\1.1\system-layout-nhnm.theme.nfm.1.1.css --> Ftpfiles.penton.com /nhnm/css/1.1 system-layout-nhnm.theme.nfm.1.1.css
2015.03.24 15:00 B G:\Marketing\Eloqua Assets\_HTML\Eloqua Sites (FTP)\nhnm\css\1.1\website-layout-nhnm.theme.nfm.1.1.css --> Ftpfiles.penton.com /nhnm/css/1.1 website-layout-nhnm.theme.nfm.1.1.css
2015.03.27 09:59 B G:\Marketing\Eloqua Assets\_HTML\Eloqua Sites (FTP)\nhnm\css\1.1\system-layout-nhnm.theme.cis.1.1.css --> Ftpfiles.penton.com /nhnm/css/1.1 system-layout-nhnm.theme.cis.1.1.css
2015.03.27 09:59 B G:\Marketing\Eloqua Assets\_HTML\Eloqua Sites (FTP)\nhnm\css\1.1\system-layout-nhnm.theme.ci.1.1.css --> Ftpfiles.penton.com /nhnm/css/1.1 system-layout-nhnm.theme.ci.1.1.css
2015.04.02 11:25 B G:\Marketing\Eloqua Assets\_HTML\Eloqua Sites (FTP)\nhnm\css\1.1\system-layout-nhnm.theme.next-accelerator.1.1.css --> Ftpfiles.penton.com /nhnm/css/1.1 system-layout-nhnm.theme.next-accelerator.1.1.css
2015.04.02 12:13 B G:\Marketing\Eloqua Assets\_HTML\Eloqua Sites (FTP)\nhnm\css\1.1\system-layout-nhnm.theme.nxtt.1.1.css --> Ftpfiles.penton.com /nhnm/css/1.1 system-layout-nhnm.theme.nxtt.1.1.css
2015.04.02 12:13 B G:\Marketing\Eloqua Assets\_HTML\Eloqua Sites (FTP)\nhnm\css\1.1\system-layout-nhnm.theme.nxtf.1.1.css --> Ftpfiles.penton.com /nhnm/css/1.1 system-layout-nhnm.theme.nxtf.1.1.css
2015.04.02 12:13 B G:\Marketing\Eloqua Assets\_HTML\Eloqua Sites (FTP)\nhnm\css\1.1\system-layout-nhnm.theme.nxta.1.1.css --> Ftpfiles.penton.com /nhnm/css/1.1 system-layout-nhnm.theme.nxta.1.1.css
2015.04.15 11:49 B G:\Marketing\Eloqua Assets\_HTML\Eloqua Sites (FTP)\nhnm\css\1.1\system-layout-nhnm.theme.nfm.1.1.css --> Ftpfiles.penton.com /nhnm/css/1.1 system-layout-nhnm.theme.nfm.1.1.css
2015.05.18 12:23 B G:\Marketing\Eloqua Assets\_HTML\Eloqua Sites (FTP)\nhnm\css\1.1\system-layout-nhnm.theme.nxtt.1.1.css --> Ftpfiles.penton.com /nhnm/css/1.1 system-layout-nhnm.theme.nxtt.1.1.css
2015.05.18 12:23 B G:\Marketing\Eloqua Assets\_HTML\Eloqua Sites (FTP)\nhnm\css\1.1\system-layout-nhnm.form.1.1.css --> Ftpfiles.penton.com /nhnm/css/1.1 system-layout-nhnm.form.1.1.css
2015.05.18 12:23 B G:\Marketing\Eloqua Assets\_HTML\Eloqua Sites (FTP)\nhnm\css\1.1\system-layout-nhnm.theme.nxtf.1.1.css --> Ftpfiles.penton.com /nhnm/css/1.1 system-layout-nhnm.theme.nxtf.1.1.css
2015.05.18 12:23 B G:\Marketing\Eloqua Assets\_HTML\Eloqua Sites (FTP)\nhnm\css\1.1\system-layout-nhnm.theme.nxta.1.1.css --> Ftpfiles.penton.com /nhnm/css/1.1 system-layout-nhnm.theme.nxta.1.1.css
2015.05.18 12:23 B G:\Marketing\Eloqua Assets\_HTML\Eloqua Sites (FTP)\nhnm\css\1.1\system-layout-nhnm.theme.nh360.1.1.css --> Ftpfiles.penton.com /nhnm/css/1.1 system-layout-nhnm.theme.nh360.1.1.css
2015.05.18 12:24 B G:\Marketing\Eloqua Assets\_HTML\Eloqua Sites (FTP)\nhnm\css\1.1\system-layout-nhnm.theme.nfm.1.1.css --> Ftpfiles.penton.com /nhnm/css/1.1 system-layout-nhnm.theme.nfm.1.1.css
2015.05.18 12:24 B G:\Marketing\Eloqua Assets\_HTML\Eloqua Sites (FTP)\nhnm\css\1.1\system-layout-nhnm.theme.nbjs.1.1.css --> Ftpfiles.penton.com /nhnm/css/1.1 system-layout-nhnm.theme.nbjs.1.1.css
2015.05.18 12:24 B G:\Marketing\Eloqua Assets\_HTML\Eloqua Sites (FTP)\nhnm\css\1.1\system-layout-nhnm.theme.ew.1.1.css --> Ftpfiles.penton.com /nhnm/css/1.1 system-layout-nhnm.theme.ew.1.1.css
2015.05.18 12:24 B G:\Marketing\Eloqua Assets\_HTML\Eloqua Sites (FTP)\nhnm\css\1.1\system-layout-nhnm.theme.eng.1.1.css --> Ftpfiles.penton.com /nhnm/css/1.1 system-layout-nhnm.theme.eng.1.1.css
2015.05.18 12:24 B G:\Marketing\Eloqua Assets\_HTML\Eloqua Sites (FTP)\nhnm\css\1.1\system-layout-nhnm.theme.ee.1.1.css --> Ftpfiles.penton.com /nhnm/css/1.1 system-layout-nhnm.theme.ee.1.1.css
2015.05.18 12:24 B G:\Marketing\Eloqua Assets\_HTML\Eloqua Sites (FTP)\nhnm\css\1.1\system-layout-nhnm.theme.eb.1.1.css --> Ftpfiles.penton.com /nhnm/css/1.1 system-layout-nhnm.theme.eb.1.1.css
2015.05.18 12:24 B G:\Marketing\Eloqua Assets\_HTML\Eloqua Sites (FTP)\nhnm\css\1.1\system-layout-nhnm.theme.dl.1.1.css --> Ftpfiles.penton.com /nhnm/css/1.1 system-layout-nhnm.theme.dl.1.1.css
2015.05.18 12:24 B G:\Marketing\Eloqua Assets\_HTML\Eloqua Sites (FTP)\nhnm\css\1.1\system-layout-nhnm.theme.cis.1.1.css --> Ftpfiles.penton.com /nhnm/css/1.1 system-layout-nhnm.theme.cis.1.1.css
2015.05.18 12:24 B G:\Marketing\Eloqua Assets\_HTML\Eloqua Sites (FTP)\nhnm\css\1.1\system-layout-nhnm.theme.ci.1.1.css --> Ftpfiles.penton.com /nhnm/css/1.1 system-layout-nhnm.theme.ci.1.1.css
2015.05.18 12:24 B G:\Marketing\Eloqua Assets\_HTML\Eloqua Sites (FTP)\nhnm\css\1.1\system-layout-nhnm.core.1.1.css --> Ftpfiles.penton.com /nhnm/css/1.1 system-layout-nhnm.core.1.1.css
2015.05.18 12:24 B G:\Marketing\Eloqua Assets\_HTML\Eloqua Sites (FTP)\nhnm\css\1.1\website-layout-nhnm.form.1.1.css --> Ftpfiles.penton.com /nhnm/css/1.1 website-layout-nhnm.form.1.1.css
2015.05.18 14:04 B G:\Marketing\Eloqua Assets\_HTML\Eloqua Sites (FTP)\nhnm\css\1.1\system-layout-nhnm.theme.engshow.1.1.css --> Ftpfiles.penton.com /nhnm/css/1.1 system-layout-nhnm.theme.engshow.1.1.css
2015.05.18 14:04 B G:\Marketing\Eloqua Assets\_HTML\Eloqua Sites (FTP)\nhnm\css\1.1\system-layout-nhnm.core.1.1.css --> Ftpfiles.penton.com /nhnm/css/1.1 system-layout-nhnm.core.1.1.css
2015.05.18 14:04 B G:\Marketing\Eloqua Assets\_HTML\Eloqua Sites (FTP)\nhnm\css\1.1\system-layout-nhnm.theme.nfm.1.1.css --> Ftpfiles.penton.com /nhnm/css/1.1 system-layout-nhnm.theme.nfm.1.1.css
2015.05.18 14:04 B G:\Marketing\Eloqua Assets\_HTML\Eloqua Sites (FTP)\nhnm\css\1.1\system-layout-nhnm.theme.eng.1.1.css --> Ftpfiles.penton.com /nhnm/css/1.1 system-layout-nhnm.theme.eng.1.1.css
2015.05.21 09:15 B G:\Marketing\Eloqua Assets\_HTML\Eloqua Sites (FTP)\nhnm\css\1.1\C:\Users\ashley.tate\Desktop\magnific-popup.css --> Ftpfiles.penton.com /nhnm/lib/magnific-popup magnific-popup.css
2015.05.21 09:15 B G:\Marketing\Eloqua Assets\_HTML\Eloqua Sites (FTP)\nhnm\css\1.1\C:\Users\ashley.tate\Desktop\jquery.magnific-popup.min.js.htm --> Ftpfiles.penton.com /nhnm/lib/magnific-popup jquery.magnific-popup.min.js.htm
2015.05.21 09:33 B G:\Marketing\Eloqua Assets\_HTML\Eloqua Sites (FTP)\nhnm\css\1.1\C:\Users\ashley.tate\Desktop\magnific-popup.css --> ftp.deathsvertigo.com /public_html/temp/magnificent-popup magnific-popup.css
2015.05.21 09:33 B G:\Marketing\Eloqua Assets\_HTML\Eloqua Sites (FTP)\nhnm\css\1.1\C:\Users\ashley.tate\Desktop\jquery.magnific-popup.min.js --> ftp.deathsvertigo.com /public_html/temp/magnificent-popup jquery.magnific-popup.min.js
2015.05.21 10:07 B G:\Marketing\Eloqua Assets\_HTML\Eloqua Sites (FTP)\nhnm\css\1.1\C:\Users\ashley.tate\Desktop\jquery.magnific-popup.min.js --> Ftpfiles.penton.com /nhnm/lib/magnific-popup jquery.magnific-popup.min.js
2015.05.21 10:07 B G:\Marketing\Eloqua Assets\_HTML\Eloqua Sites (FTP)\nhnm\css\1.1\C:\Users\ashley.tate\Desktop\magnific-popup.css --> Ftpfiles.penton.com /nhnm/lib/magnific-popup magnific-popup.css
2015.05.21 14:07 B G:\Marketing\Eloqua Assets\_HTML\Eloqua Sites (FTP)\nhnm\css\1.1\C:\Users\ashley.tate\Desktop\magnific-popup-pisces.css --> Ftpfiles.penton.com /nhnm/lib/magnific-popup magnific-popup-pisces.css
2015.05.21 14:09 B G:\Marketing\Eloqua Assets\_HTML\Eloqua Sites (FTP)\nhnm\css\1.1\C:\Users\ashley.tate\Desktop\magnific-popup-pisces.css --> Ftpfiles.penton.com /nhnm/lib/magnific-popup magnific-popup-pisces.css
2015.05.21 14:21 B G:\Marketing\Eloqua Assets\_HTML\Eloqua Sites (FTP)\nhnm\css\1.1\C:\Users\ashley.tate\Desktop\magnific-popup-pisces.css --> Ftpfiles.penton.com /nhnm/lib/magnific-popup magnific-popup-pisces.css
2015.05.21 14:23 B G:\Marketing\Eloqua Assets\_HTML\Eloqua Sites (FTP)\nhnm\css\1.1\C:\Users\ashley.tate\Desktop\magnific-popup-pisces.css --> Ftpfiles.penton.com /nhnm/lib/magnific-popup magnific-popup-pisces.css
2015.05.21 14:55 B G:\Marketing\Eloqua Assets\_HTML\Eloqua Sites (FTP)\nhnm\css\1.1\website-layout-nhnm.form-interstitial.1.1.css --> Ftpfiles.penton.com /nhnm/css/1.1 website-layout-nhnm.form-interstitial.1.1.css
2015.05.21 15:38 B G:\Marketing\Eloqua Assets\_HTML\Eloqua Sites (FTP)\nhnm\css\1.1\website-layout-nhnm.form-interstitial.1.1.css --> Ftpfiles.penton.com /nhnm/css/1.1 website-layout-nhnm.form-interstitial.1.1.css
2015.05.22 09:18 B G:\Marketing\Eloqua Assets\_HTML\Eloqua Sites (FTP)\nhnm\css\1.1\website-layout-nhnm.button.1.1.css --> Ftpfiles.penton.com /nhnm/css/1.1 website-layout-nhnm.button.1.1.css
2015.05.22 09:50 B G:\Marketing\Eloqua Assets\_HTML\Eloqua Sites (FTP)\nhnm\css\1.1\website-layout-nhnm.button.1.1.css --> Ftpfiles.penton.com /nhnm/css/1.1 website-layout-nhnm.button.1.1.css
2015.05.22 09:52 B G:\Marketing\Eloqua Assets\_HTML\Eloqua Sites (FTP)\nhnm\css\1.1\website-layout-nhnm.button.1.1.css --> Ftpfiles.penton.com /nhnm/css/1.1 website-layout-nhnm.button.1.1.css
2015.05.22 10:02 B G:\Marketing\Eloqua Assets\_HTML\Eloqua Sites (FTP)\nhnm\css\1.1\website-layout-nhnm.button.1.1.css --> Ftpfiles.penton.com /nhnm/css/1.1 website-layout-nhnm.button.1.1.css
2015.05.22 10:06 B G:\Marketing\Eloqua Assets\_HTML\Eloqua Sites (FTP)\nhnm\css\1.1\website-layout-nhnm.button.1.1.css --> Ftpfiles.penton.com /nhnm/css/1.1 website-layout-nhnm.button.1.1.css
2015.05.22 10:07 B G:\Marketing\Eloqua Assets\_HTML\Eloqua Sites (FTP)\nhnm\css\1.1\website-layout-nhnm.button.1.1.css --> Ftpfiles.penton.com /nhnm/css/1.1 website-layout-nhnm.button.1.1.css
2015.05.22 11:31 B G:\Marketing\Eloqua Assets\_HTML\Eloqua Sites (FTP)\nhnm\css\1.1\website-layout-nhnm.form-interstitial.1.1.css --> Ftpfiles.penton.com /nhnm/css/1.1 website-layout-nhnm.form-interstitial.1.1.css
2015.05.22 11:37 B G:\Marketing\Eloqua Assets\_HTML\Eloqua Sites (FTP)\nhnm\css\1.1\website-layout-nhnm.form-interstitial.1.1.css --> Ftpfiles.penton.com /nhnm/css/1.1 website-layout-nhnm.form-interstitial.1.1.css
2015.05.22 11:48 B G:\Marketing\Eloqua Assets\_HTML\Eloqua Sites (FTP)\nhnm\css\1.1\website-layout-nhnm.form-interstitial.1.1.css --> Ftpfiles.penton.com /nhnm/css/1.1 website-layout-nhnm.form-interstitial.1.1.css
2015.05.22 11:50 B G:\Marketing\Eloqua Assets\_HTML\Eloqua Sites (FTP)\nhnm\css\1.1\website-layout-nhnm.form-interstitial.1.1.css --> Ftpfiles.penton.com /nhnm/css/1.1 website-layout-nhnm.form-interstitial.1.1.css
2015.05.22 11:51 B G:\Marketing\Eloqua Assets\_HTML\Eloqua Sites (FTP)\nhnm\css\1.1\website-layout-nhnm.form-interstitial.1.1.css --> Ftpfiles.penton.com /nhnm/css/1.1 website-layout-nhnm.form-interstitial.1.1.css
2015.05.22 11:55 B G:\Marketing\Eloqua Assets\_HTML\Eloqua Sites (FTP)\nhnm\css\1.1\website-layout-nhnm.form-interstitial.1.1.css --> Ftpfiles.penton.com /nhnm/css/1.1 website-layout-nhnm.form-interstitial.1.1.css
2015.05.22 11:58 B G:\Marketing\Eloqua Assets\_HTML\Eloqua Sites (FTP)\nhnm\css\1.1\website-layout-nhnm.form-interstitial.1.1.css --> Ftpfiles.penton.com /nhnm/css/1.1 website-layout-nhnm.form-interstitial.1.1.css
2015.06.03 13:28 B G:\Marketing\Eloqua Assets\_HTML\Eloqua Sites (FTP)\nhnm\css\1.1\C:\Users\ashley.tate\Desktop\CSS\nhnm_form_dl_2.0.css --> Ftpfiles.penton.com /nhnm/css/2.0 nhnm_form_dl_2.0.css
2015.06.03 13:28 B G:\Marketing\Eloqua Assets\_HTML\Eloqua Sites (FTP)\nhnm\css\1.1\C:\Users\ashley.tate\Desktop\CSS\nhnm_form_eng_2.0.css --> Ftpfiles.penton.com /nhnm/css/2.0 nhnm_form_eng_2.0.css
2015.06.03 13:28 B G:\Marketing\Eloqua Assets\_HTML\Eloqua Sites (FTP)\nhnm\css\1.1\C:\Users\ashley.tate\Desktop\CSS\nhnm_form_nbj_2.0.css --> Ftpfiles.penton.com /nhnm/css/2.0 nhnm_form_nbj_2.0.css
2015.06.03 13:29 B G:\Marketing\Eloqua Assets\_HTML\Eloqua Sites (FTP)\nhnm\css\1.1\C:\Users\ashley.tate\Desktop\CSS\nhnm_form_nbjs_2.0.css --> Ftpfiles.penton.com /nhnm/css/2.0 nhnm_form_nbjs_2.0.css
2015.06.03 13:29 B G:\Marketing\Eloqua Assets\_HTML\Eloqua Sites (FTP)\nhnm\css\1.1\C:\Users\ashley.tate\Desktop\CSS\nhnm_form_nhnm_2.0.css --> Ftpfiles.penton.com /nhnm/css/2.0 nhnm_form_nhnm_2.0.css
2015.06.03 13:29 B G:\Marketing\Eloqua Assets\_HTML\Eloqua Sites (FTP)\nhnm\css\1.1\C:\Users\ashley.tate\Desktop\CSS\nhnm_form_npee_2.0.css --> Ftpfiles.penton.com /nhnm/css/2.0 nhnm_form_npee_2.0.css
2015.06.03 13:29 B G:\Marketing\Eloqua Assets\_HTML\Eloqua Sites (FTP)\nhnm\css\1.1\C:\Users\ashley.tate\Desktop\CSS\nhnm_form_npew_2.0.css --> Ftpfiles.penton.com /nhnm/css/2.0 nhnm_form_npew_2.0.css
2015.06.03 13:29 B G:\Marketing\Eloqua Assets\_HTML\Eloqua Sites (FTP)\nhnm\css\1.1\C:\Users\ashley.tate\Desktop\CSS\nhnm_form_nxta_2.0.css --> Ftpfiles.penton.com /nhnm/css/2.0 nhnm_form_nxta_2.0.css
2015.06.03 13:29 B G:\Marketing\Eloqua Assets\_HTML\Eloqua Sites (FTP)\nhnm\css\1.1\C:\Users\ashley.tate\Desktop\CSS\nhnm_form_nxtf_2.0.css --> Ftpfiles.penton.com /nhnm/css/2.0 nhnm_form_nxtf_2.0.css
2015.06.03 13:29 B G:\Marketing\Eloqua Assets\_HTML\Eloqua Sites (FTP)\nhnm\css\1.1\C:\Users\ashley.tate\Desktop\CSS\nhnm_form_nxtt_2.0.css --> Ftpfiles.penton.com /nhnm/css/2.0 nhnm_form_nxtt_2.0.css
2015.06.03 13:29 B G:\Marketing\Eloqua Assets\_HTML\Eloqua Sites (FTP)\nhnm\css\1.1\C:\Users\ashley.tate\Desktop\CSS\nhnm_page_ci_2.0.css --> Ftpfiles.penton.com /nhnm/css/2.0 nhnm_page_ci_2.0.css
2015.06.03 13:29 B G:\Marketing\Eloqua Assets\_HTML\Eloqua Sites (FTP)\nhnm\css\1.1\C:\Users\ashley.tate\Desktop\CSS\nhnm_page_cis_2.0.css --> Ftpfiles.penton.com /nhnm/css/2.0 nhnm_page_cis_2.0.css
2015.06.03 13:29 B G:\Marketing\Eloqua Assets\_HTML\Eloqua Sites (FTP)\nhnm\css\1.1\C:\Users\ashley.tate\Desktop\CSS\nhnm_page_dl_2.0.css --> Ftpfiles.penton.com /nhnm/css/2.0 nhnm_page_dl_2.0.css
2015.06.03 13:29 B G:\Marketing\Eloqua Assets\_HTML\Eloqua Sites (FTP)\nhnm\css\1.1\C:\Users\ashley.tate\Desktop\CSS\nhnm_page_eng_2.0.css --> Ftpfiles.penton.com /nhnm/css/2.0 nhnm_page_eng_2.0.css
2015.06.03 13:29 B G:\Marketing\Eloqua Assets\_HTML\Eloqua Sites (FTP)\nhnm\css\1.1\C:\Users\ashley.tate\Desktop\CSS\nhnm_page_nbj_2.0.css --> Ftpfiles.penton.com /nhnm/css/2.0 nhnm_page_nbj_2.0.css
2015.06.03 13:29 B G:\Marketing\Eloqua Assets\_HTML\Eloqua Sites (FTP)\nhnm\css\1.1\C:\Users\ashley.tate\Desktop\CSS\nhnm_page_nbjs_2.0.css --> Ftpfiles.penton.com /nhnm/css/2.0 nhnm_page_nbjs_2.0.css
2015.06.03 13:29 B G:\Marketing\Eloqua Assets\_HTML\Eloqua Sites (FTP)\nhnm\css\1.1\C:\Users\ashley.tate\Desktop\CSS\nhnm_page_nhnm_2.0.css --> Ftpfiles.penton.com /nhnm/css/2.0 nhnm_page_nhnm_2.0.css
2015.06.03 13:29 B G:\Marketing\Eloqua Assets\_HTML\Eloqua Sites (FTP)\nhnm\css\1.1\C:\Users\ashley.tate\Desktop\CSS\nhnm_page_npee_2.0.css --> Ftpfiles.penton.com /nhnm/css/2.0 nhnm_page_npee_2.0.css
2015.06.03 13:29 B G:\Marketing\Eloqua Assets\_HTML\Eloqua Sites (FTP)\nhnm\css\1.1\C:\Users\ashley.tate\Desktop\CSS\nhnm_page_npew_2.0.css --> Ftpfiles.penton.com /nhnm/css/2.0 nhnm_page_npew_2.0.css
2015.06.03 13:29 B G:\Marketing\Eloqua Assets\_HTML\Eloqua Sites (FTP)\nhnm\css\1.1\C:\Users\ashley.tate\Desktop\CSS\nhnm_page_nxta_2.0.css --> Ftpfiles.penton.com /nhnm/css/2.0 nhnm_page_nxta_2.0.css
2015.06.03 13:29 B G:\Marketing\Eloqua Assets\_HTML\Eloqua Sites (FTP)\nhnm\css\1.1\C:\Users\ashley.tate\Desktop\CSS\nhnm_page_nxtf_2.0.css --> Ftpfiles.penton.com /nhnm/css/2.0 nhnm_page_nxtf_2.0.css
2015.06.03 13:29 B G:\Marketing\Eloqua Assets\_HTML\Eloqua Sites (FTP)\nhnm\css\1.1\C:\Users\ashley.tate\Desktop\CSS\nhnm_page_nxtt_2.0.css --> Ftpfiles.penton.com /nhnm/css/2.0 nhnm_page_nxtt_2.0.css
2015.06.03 13:29 B G:\Marketing\Eloqua Assets\_HTML\Eloqua Sites (FTP)\nhnm\css\1.1\C:\Users\ashley.tate\Desktop\CSS\nhnm_form_ci_2.0.css --> Ftpfiles.penton.com /nhnm/css/2.0 nhnm_form_ci_2.0.css
2015.06.03 13:29 B G:\Marketing\Eloqua Assets\_HTML\Eloqua Sites (FTP)\nhnm\css\1.1\C:\Users\ashley.tate\Desktop\CSS\nhnm_form_cis_2.0.css --> Ftpfiles.penton.com /nhnm/css/2.0 nhnm_form_cis_2.0.css
2015.06.03 13:29 B G:\Marketing\Eloqua Assets\_HTML\Eloqua Sites (FTP)\nhnm\css\1.1\C:\Users\ashley.tate\Desktop\CSS\nhnm_button_npew.css --> Ftpfiles.penton.com /nhnm/css/2.0/button nhnm_button_npew.css
2015.06.03 13:29 B G:\Marketing\Eloqua Assets\_HTML\Eloqua Sites (FTP)\nhnm\css\1.1\C:\Users\ashley.tate\Desktop\CSS\nhnm_button_nxta.css --> Ftpfiles.penton.com /nhnm/css/2.0/button nhnm_button_nxta.css
2015.06.03 13:29 B G:\Marketing\Eloqua Assets\_HTML\Eloqua Sites (FTP)\nhnm\css\1.1\C:\Users\ashley.tate\Desktop\CSS\nhnm_button_nxtf.css --> Ftpfiles.penton.com /nhnm/css/2.0/button nhnm_button_nxtf.css
2015.06.03 13:29 B G:\Marketing\Eloqua Assets\_HTML\Eloqua Sites (FTP)\nhnm\css\1.1\C:\Users\ashley.tate\Desktop\CSS\nhnm_button_nxtt.css --> Ftpfiles.penton.com /nhnm/css/2.0/button nhnm_button_nxtt.css
2015.06.03 13:29 B G:\Marketing\Eloqua Assets\_HTML\Eloqua Sites (FTP)\nhnm\css\1.1\C:\Users\ashley.tate\Desktop\CSS\nhnm_button_ci.css --> Ftpfiles.penton.com /nhnm/css/2.0/button nhnm_button_ci.css
2015.06.03 13:29 B G:\Marketing\Eloqua Assets\_HTML\Eloqua Sites (FTP)\nhnm\css\1.1\C:\Users\ashley.tate\Desktop\CSS\nhnm_button_cis.css --> Ftpfiles.penton.com /nhnm/css/2.0/button nhnm_button_cis.css
2015.06.03 13:29 B G:\Marketing\Eloqua Assets\_HTML\Eloqua Sites (FTP)\nhnm\css\1.1\C:\Users\ashley.tate\Desktop\CSS\nhnm_button_dl.css --> Ftpfiles.penton.com /nhnm/css/2.0/button nhnm_button_dl.css
2015.06.03 13:29 B G:\Marketing\Eloqua Assets\_HTML\Eloqua Sites (FTP)\nhnm\css\1.1\C:\Users\ashley.tate\Desktop\CSS\nhnm_button_eng.css --> Ftpfiles.penton.com /nhnm/css/2.0/button nhnm_button_eng.css
2015.06.03 13:29 B G:\Marketing\Eloqua Assets\_HTML\Eloqua Sites (FTP)\nhnm\css\1.1\C:\Users\ashley.tate\Desktop\CSS\nhnm_button_nbj.css --> Ftpfiles.penton.com /nhnm/css/2.0/button nhnm_button_nbj.css
2015.06.03 13:29 B G:\Marketing\Eloqua Assets\_HTML\Eloqua Sites (FTP)\nhnm\css\1.1\C:\Users\ashley.tate\Desktop\CSS\nhnm_button_nbjs.css --> Ftpfiles.penton.com /nhnm/css/2.0/button nhnm_button_nbjs.css
2015.06.03 13:29 B G:\Marketing\Eloqua Assets\_HTML\Eloqua Sites (FTP)\nhnm\css\1.1\C:\Users\ashley.tate\Desktop\CSS\nhnm_button_nhnm.css --> Ftpfiles.penton.com /nhnm/css/2.0/button nhnm_button_nhnm.css
2015.06.03 13:29 B G:\Marketing\Eloqua Assets\_HTML\Eloqua Sites (FTP)\nhnm\css\1.1\C:\Users\ashley.tate\Desktop\CSS\nhnm_button_npee.css --> Ftpfiles.penton.com /nhnm/css/2.0/button nhnm_button_npee.css
2015.06.03 13:31 B G:\Marketing\Eloqua Assets\_HTML\Eloqua Sites (FTP)\nhnm\css\1.1\C:\Users\ashley.tate\Desktop\CSS\nhnm_button_nxtt.css --> Ftpfiles.penton.com /nhnm/css/2.0/button nhnm_button_nxtt.css
2015.06.03 13:31 B G:\Marketing\Eloqua Assets\_HTML\Eloqua Sites (FTP)\nhnm\css\1.1\C:\Users\ashley.tate\Desktop\CSS\nhnm_button_ci.css --> Ftpfiles.penton.com /nhnm/css/2.0/button nhnm_button_ci.css
2015.06.03 13:31 B G:\Marketing\Eloqua Assets\_HTML\Eloqua Sites (FTP)\nhnm\css\1.1\C:\Users\ashley.tate\Desktop\CSS\nhnm_button_cis.css --> Ftpfiles.penton.com /nhnm/css/2.0/button nhnm_button_cis.css
2015.06.03 13:31 B G:\Marketing\Eloqua Assets\_HTML\Eloqua Sites (FTP)\nhnm\css\1.1\C:\Users\ashley.tate\Desktop\CSS\nhnm_button_dl.css --> Ftpfiles.penton.com /nhnm/css/2.0/button nhnm_button_dl.css
2015.06.03 13:31 B G:\Marketing\Eloqua Assets\_HTML\Eloqua Sites (FTP)\nhnm\css\1.1\C:\Users\ashley.tate\Desktop\CSS\nhnm_button_eng.css --> Ftpfiles.penton.com /nhnm/css/2.0/button nhnm_button_eng.css
2015.06.03 13:31 B G:\Marketing\Eloqua Assets\_HTML\Eloqua Sites (FTP)\nhnm\css\1.1\C:\Users\ashley.tate\Desktop\CSS\nhnm_button_nbj.css --> Ftpfiles.penton.com /nhnm/css/2.0/button nhnm_button_nbj.css
2015.06.03 13:31 B G:\Marketing\Eloqua Assets\_HTML\Eloqua Sites (FTP)\nhnm\css\1.1\C:\Users\ashley.tate\Desktop\CSS\nhnm_button_nbjs.css --> Ftpfiles.penton.com /nhnm/css/2.0/button nhnm_button_nbjs.css
2015.06.03 13:31 B G:\Marketing\Eloqua Assets\_HTML\Eloqua Sites (FTP)\nhnm\css\1.1\C:\Users\ashley.tate\Desktop\CSS\nhnm_button_nhnm.css --> Ftpfiles.penton.com /nhnm/css/2.0/button nhnm_button_nhnm.css
2015.06.03 13:31 B G:\Marketing\Eloqua Assets\_HTML\Eloqua Sites (FTP)\nhnm\css\1.1\C:\Users\ashley.tate\Desktop\CSS\nhnm_button_npee.css --> Ftpfiles.penton.com /nhnm/css/2.0/button nhnm_button_npee.css
2015.06.03 13:31 B G:\Marketing\Eloqua Assets\_HTML\Eloqua Sites (FTP)\nhnm\css\1.1\C:\Users\ashley.tate\Desktop\CSS\nhnm_button_npew.css --> Ftpfiles.penton.com /nhnm/css/2.0/button nhnm_button_npew.css
2015.06.03 13:31 B G:\Marketing\Eloqua Assets\_HTML\Eloqua Sites (FTP)\nhnm\css\1.1\C:\Users\ashley.tate\Desktop\CSS\nhnm_button_nxta.css --> Ftpfiles.penton.com /nhnm/css/2.0/button nhnm_button_nxta.css
2015.06.03 13:31 B G:\Marketing\Eloqua Assets\_HTML\Eloqua Sites (FTP)\nhnm\css\1.1\C:\Users\ashley.tate\Desktop\CSS\nhnm_button_nxtf.css --> Ftpfiles.penton.com /nhnm/css/2.0/button nhnm_button_nxtf.css
